1.173029 -0.155994 -1.074716 
2.724315 -1.820757 -0.470606 
1.173029 -1.820757 -1.074716 
1
2.724315 -0.155994 -0.470606 
2.120205 -1.820757 1.08068 
2.724315 -1.820757 -0.470606 
1
2.120205 -0.155994 1.08068 
0.56892 -1.820757 0.47657 
2.120205 -1.820757 1.08068 
1
0.56892 -0.155994 0.47657 
1.173029 -1.820757 -1.074716 
0.56892 -1.820757 0.47657 
1
2.120205 -1.820757 1.08068 
1.173029 -1.820757 -1.074716 
2.724315 -1.820757 -0.470606 
1
2.724315 -0.155994 -0.470606 
0.56892 -0.155994 0.47657 
2.120205 -0.155994 1.08068 
1
1.173029 -0.155994 -1.074716 
2.724315 -0.155994 -0.470606 
2.724315 -1.820757 -0.470606 
1
2.724315 -0.155994 -0.470606 
2.120205 -0.155994 1.08068 
2.120205 -1.820757 1.08068 
1
2.120205 -0.155994 1.08068 
0.56892 -0.155994 0.47657 
0.56892 -1.820757 0.47657 
1
0.56892 -0.155994 0.47657 
1.173029 -0.155994 -1.074716 
1.173029 -1.820757 -1.074716 
1
2.120205 -1.820757 1.08068 
0.56892 -1.820757 0.47657 
1.173029 -1.820757 -1.074716 
1
2.724315 -0.155994 -0.470606 
1.173029 -0.155994 -1.074716 
0.56892 -0.155994 0.47657 
1
-2.629945 2.029912 -0.538251 
-1.595768 -1.885577 -1.842825 
-2.629945 -1.885577 -0.538251 
2
-1.595768 2.029912 -1.842825 
-0.291194 -1.885577 -0.808648 
-1.595768 -1.885577 -1.842825 
2
-0.291194 2.029912 -0.808648 
-1.325371 -1.885577 0.495926 
-0.291194 -1.885577 -0.808648 
2
-1.325371 2.029912 0.495926 
-2.629945 -1.885577 -0.538251 
-1.325371 -1.885577 0.495926 
2
-0.291194 -1.885577 -0.808648 
-2.629945 -1.885577 -0.538251 
-1.595768 -1.885577 -1.842825 
2
-1.595768 2.029912 -1.842825 
-1.325371 2.029912 0.495926 
-0.291194 2.029912 -0.808648 
2
-2.629945 2.029912 -0.538251 
-1.595768 2.029912 -1.842825 
-1.595768 -1.885577 -1.842825 
2
-1.595768 2.029912 -1.842825 
-0.291194 2.029912 -0.808648 
-0.291194 -1.885577 -0.808648 
2
-0.291194 2.029912 -0.808648 
-1.325371 2.029912 0.495926 
-1.325371 -1.885577 0.495926 
2
-1.325371 2.029912 0.495926 
-2.629945 2.029912 -0.538251 
-2.629945 -1.885577 -0.538251 
2
-0.291194 -1.885577 -0.808648 
-1.325371 -1.885577 0.495926 
-2.629945 -1.885577 -0.538251 
2
-1.595768 2.029912 -1.842825 
-2.629945 2.029912 -0.538251 
-1.325371 2.029912 0.495926 
2
-2.957096 -1.745087 -2.878321 
-2.957096 4.178873 3.045639 
-2.957096 -1.745087 3.045639 
3
2.966864 -1.745087 -2.878321 
-2.957096 4.178873 -2.878321 
-2.957096 -1.745087 -2.878321 
3
2.966864 -1.745087 3.045639 
2.966864 4.178873 -2.878321 
2.966864 -1.745087 -2.878321 
3
-2.957096 -1.745087 3.045639 
2.966864 -1.745087 -2.878321 
-2.957096 -1.745087 -2.878321 
3
2.966864 4.178873 3.045639 
-2.957096 4.178873 -2.878321 
2.966864 4.178873 -2.878321 
3
-2.957096 -1.745087 -2.878321 
-2.957096 4.178873 -2.878321 
-2.957096 4.178873 3.045639 
3
2.966864 -1.745087 -2.878321 
2.966864 4.178873 -2.878321 
-2.957096 4.178873 -2.878321 
3
2.966864 -1.745087 3.045639 
2.966864 4.178873 3.045639 
2.966864 4.178873 -2.878321 
3
-2.957096 -1.745087 3.045639 
2.966864 -1.745087 3.045639 
2.966864 -1.745087 -2.878321 
3
2.966864 4.178873 3.045639 
-2.957096 4.178873 3.045639 
-2.957096 4.178873 -2.878321 
3
