Info: Generated by version: 19.2 build 57
Info: Starting: Create simulation model
Info: qsys-generate /home/u59671/project/ECE554-RayTracing-TeamKEVIN/Hardware/FPU.ip --simulation=VERILOG --allow-mixed-language-simulation --output-directory=/home/u59671/project/ECE554-RayTracing-TeamKEVIN/Hardware/FPU --family="Stratix 10" --part=1SX280HN2F43E2VG
Info: FPU: "Transforming system: FPU"
Info: FPU: "Naming system components in system: FPU"
Info: FPU: "Processing generation queue"
Info: FPU: "Generating: FPU"
Info: FPU: "Generating: fpoint2_multi"
Info: FPU: Done "FPU" with 2 modules, 15 files
Info: Generating the following file(s) for MODELSIM simulator in /home/u59671/project/ECE554-RayTracing-TeamKEVIN/Hardware/FPU/sim/ directory:
Info: 	common/modelsim_files.tcl
Info: Generating the following file(s) for VCSMX simulator in /home/u59671/project/ECE554-RayTracing-TeamKEVIN/Hardware/FPU/sim/ directory:
Info: 	common/vcsmx_files.tcl
Info: Generating the following file(s) for VCS simulator in /home/u59671/project/ECE554-RayTracing-TeamKEVIN/Hardware/FPU/sim/ directory:
Info: 	common/vcs_files.tcl
Info: Generating the following file(s) for RIVIERA simulator in /home/u59671/project/ECE554-RayTracing-TeamKEVIN/Hardware/FPU/sim/ directory:
Info: 	common/riviera_files.tcl
Info: Generating the following file(s) for NCSIM simulator in /home/u59671/project/ECE554-RayTracing-TeamKEVIN/Hardware/FPU/sim/ directory:
Info: 	common/ncsim_files.tcl
Info: Generating the following file(s) for XCELIUM simulator in /home/u59671/project/ECE554-RayTracing-TeamKEVIN/Hardware/FPU/sim/ directory:
Info: 	common/xcelium_files.tcl
Info: For information on how to simulate your IP, see the explanatory comments in the simulator-specific subdirectories under /home/u59671/project/ECE554-RayTracing-TeamKEVIN/Hardware/FPU/sim/.
Info: Regenerate these scripts whenever you make any change to any Quartus-generated IP in your project.
Info: qsys-generate succeeded.
Info: Finished: Create simulation model
Info: Starting: Create Modelsim Project.
Info: sim-script-gen --system-file=/home/u59671/project/ECE554-RayTracing-TeamKEVIN/Hardware/FPU.ip --output-directory=/home/u59671/project/ECE554-RayTracing-TeamKEVIN/Hardware/FPU/sim/ --use-relative-paths=true
Info: Generating the following file(s) for MODELSIM simulator in /home/u59671/project/ECE554-RayTracing-TeamKEVIN/Hardware/FPU/sim/ directory:
Info: 	mentor/msim_setup.tcl
Info: Generating the following file(s) for VCSMX simulator in /home/u59671/project/ECE554-RayTracing-TeamKEVIN/Hardware/FPU/sim/ directory:
Info: 	synopsys/vcsmx/synopsys_sim.setup
Info: 	synopsys/vcsmx/vcsmx_setup.sh
Info: Skipping VCS script generation since VHDL file $QUARTUS_INSTALL_DIR/eda/sim_lib/altera_syn_attributes.vhd is required for simulation
Info: Generating the following file(s) for RIVIERA simulator in /home/u59671/project/ECE554-RayTracing-TeamKEVIN/Hardware/FPU/sim/ directory:
Info: 	aldec/rivierapro_setup.tcl
Info: Generating the following file(s) for NCSIM simulator in /home/u59671/project/ECE554-RayTracing-TeamKEVIN/Hardware/FPU/sim/ directory:
Info: 	cadence/cds.lib
Info: 	cadence/hdl.var
Info: 	cadence/ncsim_setup.sh
Info: 	2 .cds.lib files in cadence/cds_libs/ directory
Info: Generating the following file(s) for XCELIUM simulator in /home/u59671/project/ECE554-RayTracing-TeamKEVIN/Hardware/FPU/sim/ directory:
Info: 	xcelium/cds.lib
Info: 	xcelium/hdl.var
Info: 	xcelium/xcelium_setup.sh
Info: 	2 .cds.lib files in xcelium/cds_libs/ directory
Info: For information on how to simulate your IP, see the explanatory comments in the simulator-specific subdirectories under /home/u59671/project/ECE554-RayTracing-TeamKEVIN/Hardware/FPU/sim/.
Info: Regenerate these scripts whenever you make any change to any Quartus-generated IP in your project.
Info: Finished: Create Modelsim Project.
Info: Starting: Create block symbol file (.bsf)
Info: qsys-generate /home/u59671/project/ECE554-RayTracing-TeamKEVIN/Hardware/FPU.ip --block-symbol-file --output-directory=/home/u59671/project/ECE554-RayTracing-TeamKEVIN/Hardware/FPU --family="Stratix 10" --part=1SX280HN2F43E2VG
Info: qsys-generate succeeded.
Info: Finished: Create block symbol file (.bsf)
Info: 
Info: Starting: Create HDL design files for synthesis
Info: qsys-generate /home/u59671/project/ECE554-RayTracing-TeamKEVIN/Hardware/FPU.ip --synthesis=VERILOG --output-directory=/home/u59671/project/ECE554-RayTracing-TeamKEVIN/Hardware/FPU --family="Stratix 10" --part=1SX280HN2F43E2VG
Info: FPU: "Transforming system: FPU"
Info: FPU: "Naming system components in system: FPU"
Info: FPU: "Processing generation queue"
Info: FPU: "Generating: FPU"
Info: FPU: "Generating: fpoint2_multi"
Info: FPU: Done "FPU" with 2 modules, 15 files
Info: qsys-generate succeeded.
Info: Finished: Create HDL design files for synthesis
Info: Starting: Generate IP Core Documentation
Info: No documentation filesets were found for components in FPU. No files generated.
Info: Finished: Generate IP Core Documentation
