Info: Generated by version: 19.2 build 57
Info: Starting: Create simulation model
Info: qsys-generate /home/u59671/project/ECE554-RayTracing-TeamKEVIN/Hardware/RT_Core_and_Components/IP/200hz/Float_Sqrt.ip --simulation=VERILOG --allow-mixed-language-simulation --output-directory=/home/u59671/project/ECE554-RayTracing-TeamKEVIN/Hardware/RT_Core_and_Components/IP/200hz/Float_Sqrt --family="Stratix 10" --part=1SX280HN2F43E2VG
Info: Float_Sqrt.fp_functions_0: /glob/development-tools/versions/fpgasupportstack/d5005/2.0.1/inteldevstack/ip/altera/dsp/altera_fp_functions/source//cmdPolyEval.sh /glob/development-tools/versions/fpgasupportstack/d5005/2.0.1/inteldevstack/quartus/dspba/backend/linux64 -target Stratix10 -frequency 200 -name none -noChanValid -enable -enableHardFP 1 -printMachineReadable -noFileGenerate -speedgrade 2 FPSqrt 8 23
Info: Float_Sqrt.fp_functions_0: /glob/development-tools/versions/fpgasupportstack/d5005/2.0.1/inteldevstack/ip/altera/dsp/altera_fp_functions/source//cmdPolyEval.sh /glob/development-tools/versions/fpgasupportstack/d5005/2.0.1/inteldevstack/quartus/dspba/backend/linux64 -target Stratix10 -frequency 200 -name none -noChanValid -enable -enableHardFP 1 -printMachineReadable -noFileGenerate -speedgrade 2 FPSqrt 8 23
Info: Float_Sqrt: "Transforming system: Float_Sqrt"
Info: Float_Sqrt: "Naming system components in system: Float_Sqrt"
Info: Float_Sqrt: "Processing generation queue"
Info: Float_Sqrt: "Generating: Float_Sqrt"
Info: Float_Sqrt: "Generating: Float_Sqrt_altera_fp_functions_191_nxbwsua"
Info: fp_functions_0: /glob/development-tools/versions/fpgasupportstack/d5005/2.0.1/inteldevstack/ip/altera/dsp/altera_fp_functions/source//cmdPolyEval.sh /glob/development-tools/versions/fpgasupportstack/d5005/2.0.1/inteldevstack/quartus/dspba/backend/linux64 -target Stratix10 -frequency 200 -name Float_Sqrt_altera_fp_functions_191_nxbwsua -noChanValid -enable -enableHardFP 1 -printMachineReadable -lang VHDL -speedgrade 2 FPSqrt 8 23
Info: fp_functions_0: Latency on Stratix 10 is 12 cycles
Info: fp_functions_0: DSP Blocks Used: 3
Info: fp_functions_0: LUTs Used: 246
Info: fp_functions_0: Memory Bits Used: 15872
Info: fp_functions_0: Memory Blocks Used: 3
Info: Float_Sqrt: Done "Float_Sqrt" with 2 modules, 7 files
Info: Generating the following file(s) for MODELSIM simulator in /home/u59671/project/ECE554-RayTracing-TeamKEVIN/Hardware/RT_Core_and_Components/IP/200hz/Float_Sqrt/sim/ directory:
Info: 	common/modelsim_files.tcl
Info: Generating the following file(s) for VCSMX simulator in /home/u59671/project/ECE554-RayTracing-TeamKEVIN/Hardware/RT_Core_and_Components/IP/200hz/Float_Sqrt/sim/ directory:
Info: 	common/vcsmx_files.tcl
Info: Generating the following file(s) for VCS simulator in /home/u59671/project/ECE554-RayTracing-TeamKEVIN/Hardware/RT_Core_and_Components/IP/200hz/Float_Sqrt/sim/ directory:
Info: 	common/vcs_files.tcl
Info: Generating the following file(s) for RIVIERA simulator in /home/u59671/project/ECE554-RayTracing-TeamKEVIN/Hardware/RT_Core_and_Components/IP/200hz/Float_Sqrt/sim/ directory:
Info: 	common/riviera_files.tcl
Info: Generating the following file(s) for NCSIM simulator in /home/u59671/project/ECE554-RayTracing-TeamKEVIN/Hardware/RT_Core_and_Components/IP/200hz/Float_Sqrt/sim/ directory:
Info: 	common/ncsim_files.tcl
Info: Generating the following file(s) for XCELIUM simulator in /home/u59671/project/ECE554-RayTracing-TeamKEVIN/Hardware/RT_Core_and_Components/IP/200hz/Float_Sqrt/sim/ directory:
Info: 	common/xcelium_files.tcl
Info: For information on how to simulate your IP, see the explanatory comments in the simulator-specific subdirectories under /home/u59671/project/ECE554-RayTracing-TeamKEVIN/Hardware/RT_Core_and_Components/IP/200hz/Float_Sqrt/sim/.
Info: Regenerate these scripts whenever you make any change to any Quartus-generated IP in your project.
Info: qsys-generate succeeded.
Info: Finished: Create simulation model
Info: Starting: Create Modelsim Project.
Info: sim-script-gen --system-file=/home/u59671/project/ECE554-RayTracing-TeamKEVIN/Hardware/RT_Core_and_Components/IP/200hz/Float_Sqrt.ip --output-directory=/home/u59671/project/ECE554-RayTracing-TeamKEVIN/Hardware/RT_Core_and_Components/IP/200hz/Float_Sqrt/sim/ --use-relative-paths=true
Info: Generating the following file(s) for MODELSIM simulator in /home/u59671/project/ECE554-RayTracing-TeamKEVIN/Hardware/RT_Core_and_Components/IP/200hz/Float_Sqrt/sim/ directory:
Info: 	mentor/msim_setup.tcl
Info: Generating the following file(s) for VCSMX simulator in /home/u59671/project/ECE554-RayTracing-TeamKEVIN/Hardware/RT_Core_and_Components/IP/200hz/Float_Sqrt/sim/ directory:
Info: 	synopsys/vcsmx/synopsys_sim.setup
Info: 	synopsys/vcsmx/vcsmx_setup.sh
Info: Skipping VCS script generation since VHDL file $QUARTUS_INSTALL_DIR/eda/sim_lib/altera_syn_attributes.vhd is required for simulation
Info: Generating the following file(s) for RIVIERA simulator in /home/u59671/project/ECE554-RayTracing-TeamKEVIN/Hardware/RT_Core_and_Components/IP/200hz/Float_Sqrt/sim/ directory:
Info: 	aldec/rivierapro_setup.tcl
Info: Generating the following file(s) for NCSIM simulator in /home/u59671/project/ECE554-RayTracing-TeamKEVIN/Hardware/RT_Core_and_Components/IP/200hz/Float_Sqrt/sim/ directory:
Info: 	cadence/cds.lib
Info: 	cadence/hdl.var
Info: 	cadence/ncsim_setup.sh
Info: 	2 .cds.lib files in cadence/cds_libs/ directory
Info: Generating the following file(s) for XCELIUM simulator in /home/u59671/project/ECE554-RayTracing-TeamKEVIN/Hardware/RT_Core_and_Components/IP/200hz/Float_Sqrt/sim/ directory:
Info: 	xcelium/cds.lib
Info: 	xcelium/hdl.var
Info: 	xcelium/xcelium_setup.sh
Info: 	2 .cds.lib files in xcelium/cds_libs/ directory
Info: For information on how to simulate your IP, see the explanatory comments in the simulator-specific subdirectories under /home/u59671/project/ECE554-RayTracing-TeamKEVIN/Hardware/RT_Core_and_Components/IP/200hz/Float_Sqrt/sim/.
Info: Regenerate these scripts whenever you make any change to any Quartus-generated IP in your project.
Info: Finished: Create Modelsim Project.
Info: Starting: Create block symbol file (.bsf)
Info: qsys-generate /home/u59671/project/ECE554-RayTracing-TeamKEVIN/Hardware/RT_Core_and_Components/IP/200hz/Float_Sqrt.ip --block-symbol-file --output-directory=/home/u59671/project/ECE554-RayTracing-TeamKEVIN/Hardware/RT_Core_and_Components/IP/200hz/Float_Sqrt --family="Stratix 10" --part=1SX280HN2F43E2VG
Info: Float_Sqrt.fp_functions_0: /glob/development-tools/versions/fpgasupportstack/d5005/2.0.1/inteldevstack/ip/altera/dsp/altera_fp_functions/source//cmdPolyEval.sh /glob/development-tools/versions/fpgasupportstack/d5005/2.0.1/inteldevstack/quartus/dspba/backend/linux64 -target Stratix10 -frequency 200 -name none -noChanValid -enable -enableHardFP 1 -printMachineReadable -noFileGenerate -speedgrade 2 FPSqrt 8 23
Info: Float_Sqrt.fp_functions_0: /glob/development-tools/versions/fpgasupportstack/d5005/2.0.1/inteldevstack/ip/altera/dsp/altera_fp_functions/source//cmdPolyEval.sh /glob/development-tools/versions/fpgasupportstack/d5005/2.0.1/inteldevstack/quartus/dspba/backend/linux64 -target Stratix10 -frequency 200 -name none -noChanValid -enable -enableHardFP 1 -printMachineReadable -noFileGenerate -speedgrade 2 FPSqrt 8 23
Info: qsys-generate succeeded.
Info: Finished: Create block symbol file (.bsf)
Info: 
Info: Starting: Create HDL design files for synthesis
Info: qsys-generate /home/u59671/project/ECE554-RayTracing-TeamKEVIN/Hardware/RT_Core_and_Components/IP/200hz/Float_Sqrt.ip --synthesis=VERILOG --greybox --output-directory=/home/u59671/project/ECE554-RayTracing-TeamKEVIN/Hardware/RT_Core_and_Components/IP/200hz/Float_Sqrt --family="Stratix 10" --part=1SX280HN2F43E2VG
Info: Float_Sqrt.fp_functions_0: /glob/development-tools/versions/fpgasupportstack/d5005/2.0.1/inteldevstack/ip/altera/dsp/altera_fp_functions/source//cmdPolyEval.sh /glob/development-tools/versions/fpgasupportstack/d5005/2.0.1/inteldevstack/quartus/dspba/backend/linux64 -target Stratix10 -frequency 200 -name none -noChanValid -enable -enableHardFP 1 -printMachineReadable -noFileGenerate -speedgrade 2 FPSqrt 8 23
Info: Float_Sqrt.fp_functions_0: /glob/development-tools/versions/fpgasupportstack/d5005/2.0.1/inteldevstack/ip/altera/dsp/altera_fp_functions/source//cmdPolyEval.sh /glob/development-tools/versions/fpgasupportstack/d5005/2.0.1/inteldevstack/quartus/dspba/backend/linux64 -target Stratix10 -frequency 200 -name none -noChanValid -enable -enableHardFP 1 -printMachineReadable -noFileGenerate -speedgrade 2 FPSqrt 8 23
Info: Float_Sqrt: "Transforming system: Float_Sqrt"
Info: Float_Sqrt: "Naming system components in system: Float_Sqrt"
Info: Float_Sqrt: "Processing generation queue"
Info: Float_Sqrt: "Generating: Float_Sqrt"
Info: Float_Sqrt: "Generating: Float_Sqrt_altera_fp_functions_191_nxbwsua"
Info: fp_functions_0: /glob/development-tools/versions/fpgasupportstack/d5005/2.0.1/inteldevstack/ip/altera/dsp/altera_fp_functions/source//cmdPolyEval.sh /glob/development-tools/versions/fpgasupportstack/d5005/2.0.1/inteldevstack/quartus/dspba/backend/linux64 -target Stratix10 -frequency 200 -name Float_Sqrt_altera_fp_functions_191_nxbwsua -noChanValid -enable -enableHardFP 1 -printMachineReadable -lang VHDL -speedgrade 2 FPSqrt 8 23
Info: fp_functions_0: Latency on Stratix 10 is 12 cycles
Info: fp_functions_0: DSP Blocks Used: 3
Info: fp_functions_0: LUTs Used: 246
Info: fp_functions_0: Memory Bits Used: 15872
Info: fp_functions_0: Memory Blocks Used: 3
Info: Float_Sqrt: Done "Float_Sqrt" with 2 modules, 7 files
Info: Generating third-party timing and resource estimation model ...
Info: Done generating third-party timing and resource estimation model.
Info: qsys-generate succeeded.
Info: Finished: Create HDL design files for synthesis
Info: Starting: IP-XACT
Info: qsys-generate /home/u59671/project/ECE554-RayTracing-TeamKEVIN/Hardware/RT_Core_and_Components/IP/200hz/Float_Sqrt.ip --synthesis=VERILOG --ipxact --output-directory=/home/u59671/project/ECE554-RayTracing-TeamKEVIN/Hardware/RT_Core_and_Components/IP/200hz/Float_Sqrt --family="Stratix 10" --part=1SX280HN2F43E2VG
Info: Finished: IP-XACT
Info: Starting: Generate IP Core Documentation
Info: No documentation filesets were found for components in Float_Sqrt. No files generated.
Info: Finished: Generate IP Core Documentation
