PC at 00000000, Flushed 

PC at 00000000, Flushed 

PC at 00000000, Flushed 

PC at 00000000, instruction: 80218000 
 Reading scalar  1: xxxxxxxx, Reading scalar  0: xxxxxxxx 
 Reading vector  0: xxxxxxxxxxxxxxxxxxxxxxxxxxxxxxxx, Reading vector  0: 00000000000000000000000000000000 
 No memory operations
 write back scalar  1: 8000xxxx.  No vector write back. 

PC at 00000004, instruction: 84210014 
 Reading scalar  1: xxxxxxxx, Reading scalar  0: 00000000 
 Reading vector  0: xxxxxxxxxxxxxxxxxxxxxxxxxxxxxxxx, Reading vector  0: 00000000000000000000000000000000 
 No memory operations
 write back scalar  1: 80000014.  No vector write back. 

PC at 00000008, instruction: 80428000 
 Reading scalar  2: xxxxxxxx, Reading scalar  0: xxxxxxxx 
 Reading vector  0: xxxxxxxxxxxxxxxxxxxxxxxxxxxxxxxx, Reading vector  0: 00000000000000000000000000000000 
 No memory operations
 write back scalar  2: 8000xxxx.  No vector write back. 

PC at 0000000c, instruction: 84420020 
 Reading scalar  2: xxxxxxxx, Reading scalar  0: 00000000 
 Reading vector  0: xxxxxxxxxxxxxxxxxxxxxxxxxxxxxxxx, Reading vector  0: 00000000000000000000000000000000 
 No memory operations
 write back scalar  2: 80000020.  No vector write back. 

PC at 00000010, instruction: 80630000 
 Reading scalar  3: xxxxxxxx, Reading scalar  0: 00000000 
 Reading vector  0: xxxxxxxxxxxxxxxxxxxxxxxxxxxxxxxx, Reading vector  0: 00000000000000000000000000000000 
 No memory operations
 write back scalar  3: 0000xxxx.  No vector write back. 

PC at 00000014, instruction: 84630005 
 Reading scalar  3: xxxxxxxx, Reading scalar  0: 00000000 
 Reading vector  0: xxxxxxxxxxxxxxxxxxxxxxxxxxxxxxxx, Reading vector  0: 00000000000000000000000000000000 
 No memory operations
 write back scalar  3: 00000005.  No vector write back. 

PC at 00000018, instruction: f0410000 
 Reading scalar  1: 80000014, Reading scalar  2: 80000020 
 Reading vector  0: xxxxxxxxxxxxxxxxxxxxxxxxxxxxxxxx, Reading vector  0: 00000000000000000000000000000000 
 writing memory location 80000014: 00000000000000000000000080000020 
 No scalar write back.  No vector write back. 

PC at 0000001c, instruction: f0620000 
 Reading scalar  2: 80000020, Reading scalar  3: 00000005 
 Reading vector  0: xxxxxxxxxxxxxxxxxxxxxxxxxxxxxxxx, Reading vector  0: 00000000000000000000000000000000 
 writing memory location 80000020: 00000000000000000000000000000005 
 No scalar write back.  No vector write back. 

PC at 00000020, instruction: b0810000 
 Reading scalar  1: 80000014, Reading scalar  0: 00000000 
 Reading vector  0: xxxxxxxxxxxxxxxxxxxxxxxxxxxxxxxx, Reading vector  0: 00000000000000000000000000000000 
 Reading memory location 80000014: 00000005000000000000000080000020 
 write back scalar  4: 80000020.  No vector write back. 

PC at 00000024, instruction: b0a40000 
 Reading scalar  4: xxxxxxxx, Reading scalar  0: 00000000 
 Reading vector  0: xxxxxxxxxxxxxxxxxxxxxxxxxxxxxxxx, Reading vector  0: 00000000000000000000000000000000 
 Reading memory location 80000020: 00000000000000000000000000000005 
 write back scalar  5: 00000005.  No vector write back. 

PC at 00000028, instruction: 74032800 
 Reading scalar  3: 00000005, Reading scalar  5: xxxxxxxx 
 Reading vector  0: xxxxxxxxxxxxxxxxxxxxxxxxxxxxxxxx, Reading vector  0: xxxxxxxxxxxxxxxxxxxxxxxxxxxxxxxx 
 No memory operations
 No scalar write back.  No vector write back. 

PC at 0000002c, instruction: c4000018 
 Reading scalar  0: 00000000, Reading scalar  0: 00000000 
 Reading vector  0: 00000000000000000000000000000000, Reading vector  0: 00000000000000000000000000000000 
 No memory operations
 No scalar write back.  No vector write back. 

PC at 00000030, instruction: b0c40000 
 Reading scalar  4: 80000020, Reading scalar  0: 00000000 
 Reading vector  0: xxxxxxxxxxxxxxxxxxxxxxxxxxxxxxxx, Reading vector  0: 00000000000000000000000000000000 
 Reading memory location 80000020: 00000000000000000000000000000005 
 write back scalar  6: 00000005.  No vector write back. 

PC at 00000034, instruction: a0c60002 
 Reading scalar  6: xxxxxxxx, Reading scalar  0: 00000000 
 Reading vector  0: xxxxxxxxxxxxxxxxxxxxxxxxxxxxxxxx, Reading vector  0: 00000000000000000000000000000000 
 No memory operations
 write back scalar  6: 00000007.  No vector write back. 

PC at 00000038, instruction: 84e00007 
 Reading scalar  0: 00000000, Reading scalar  0: 00000000 
 Reading vector  0: 00000000000000000000000000000000, Reading vector  0: 00000000000000000000000000000000 
 No memory operations
 write back scalar  7: 00000007.  No vector write back. 

PC at 0000003c, instruction: 74063800 
 Reading scalar  6: 00000005, Reading scalar  7: xxxxxxxx 
 Reading vector  0: xxxxxxxxxxxxxxxxxxxxxxxxxxxxxxxx, Reading vector  0: xxxxxxxxxxxxxxxxxxxxxxxxxxxxxxxx 
 No memory operations
 No scalar write back.  No vector write back. 

PC at 00000040, instruction: c4000008 
 Reading scalar  0: 00000000, Reading scalar  0: 00000000 
 Reading vector  0: 00000000000000000000000000000000, Reading vector  0: 00000000000000000000000000000000 
 No memory operations
 No scalar write back.  No vector write back. 

PC at 00000044, instruction: ec000000 
 Reading scalar  0: 00000000, Reading scalar  0: 00000000 
 Reading vector  0: 00000000000000000000000000000000, Reading vector  0: 00000000000000000000000000000000 
 No memory operations
 No scalar write back.  No vector write back. 

