Info: Generated by version: 19.2 build 57
Info: Starting: Create simulation model
Info: qsys-generate /home/u59671/project/ECE554-RayTracing-TeamKEVIN/Hardware/FixIP/Fix_Mul.ip --simulation=VERILOG --allow-mixed-language-simulation --output-directory=/home/u59671/project/ECE554-RayTracing-TeamKEVIN/Hardware/FixIP/Fix_Mul --family="Stratix 10" --part=1SX280HN2F43E2VG
Info: Fix_Mul: "Transforming system: Fix_Mul"
Info: Fix_Mul: "Naming system components in system: Fix_Mul"
Info: Fix_Mul: "Processing generation queue"
Info: Fix_Mul: "Generating: Fix_Mul"
Info: Fix_Mul: "Generating: Fix_Mul_altera_fxp_functions_191_guxefki"
Info: fxp_functions_0: Latency on Stratix 10 is 6 cycles
Info: fxp_functions_0: DSP Blocks Used: 2
Info: fxp_functions_0: LUTs Used: 114
Info: fxp_functions_0: Memory Bits Used: 0
Info: fxp_functions_0: Memory Blocks Used: 0
Info: Fix_Mul: Done "Fix_Mul" with 2 modules, 4 files
Info: Generating the following file(s) for MODELSIM simulator in /home/u59671/project/ECE554-RayTracing-TeamKEVIN/Hardware/FixIP/Fix_Mul/sim/ directory:
Info: 	common/modelsim_files.tcl
Info: Generating the following file(s) for VCSMX simulator in /home/u59671/project/ECE554-RayTracing-TeamKEVIN/Hardware/FixIP/Fix_Mul/sim/ directory:
Info: 	common/vcsmx_files.tcl
Info: Generating the following file(s) for VCS simulator in /home/u59671/project/ECE554-RayTracing-TeamKEVIN/Hardware/FixIP/Fix_Mul/sim/ directory:
Info: 	common/vcs_files.tcl
Info: Generating the following file(s) for RIVIERA simulator in /home/u59671/project/ECE554-RayTracing-TeamKEVIN/Hardware/FixIP/Fix_Mul/sim/ directory:
Info: 	common/riviera_files.tcl
Info: Generating the following file(s) for NCSIM simulator in /home/u59671/project/ECE554-RayTracing-TeamKEVIN/Hardware/FixIP/Fix_Mul/sim/ directory:
Info: 	common/ncsim_files.tcl
Info: Generating the following file(s) for XCELIUM simulator in /home/u59671/project/ECE554-RayTracing-TeamKEVIN/Hardware/FixIP/Fix_Mul/sim/ directory:
Info: 	common/xcelium_files.tcl
Info: For information on how to simulate your IP, see the explanatory comments in the simulator-specific subdirectories under /home/u59671/project/ECE554-RayTracing-TeamKEVIN/Hardware/FixIP/Fix_Mul/sim/.
Info: Regenerate these scripts whenever you make any change to any Quartus-generated IP in your project.
Info: qsys-generate succeeded.
Info: Finished: Create simulation model
Info: Starting: Create Modelsim Project.
Info: sim-script-gen --system-file=/home/u59671/project/ECE554-RayTracing-TeamKEVIN/Hardware/FixIP/Fix_Mul.ip --output-directory=/home/u59671/project/ECE554-RayTracing-TeamKEVIN/Hardware/FixIP/Fix_Mul/sim/ --use-relative-paths=true
Info: Generating the following file(s) for MODELSIM simulator in /home/u59671/project/ECE554-RayTracing-TeamKEVIN/Hardware/FixIP/Fix_Mul/sim/ directory:
Info: 	mentor/msim_setup.tcl
Info: Generating the following file(s) for VCSMX simulator in /home/u59671/project/ECE554-RayTracing-TeamKEVIN/Hardware/FixIP/Fix_Mul/sim/ directory:
Info: 	synopsys/vcsmx/synopsys_sim.setup
Info: 	synopsys/vcsmx/vcsmx_setup.sh
Info: Skipping VCS script generation since VHDL file $QUARTUS_INSTALL_DIR/eda/sim_lib/altera_syn_attributes.vhd is required for simulation
Info: Generating the following file(s) for RIVIERA simulator in /home/u59671/project/ECE554-RayTracing-TeamKEVIN/Hardware/FixIP/Fix_Mul/sim/ directory:
Info: 	aldec/rivierapro_setup.tcl
Info: Generating the following file(s) for NCSIM simulator in /home/u59671/project/ECE554-RayTracing-TeamKEVIN/Hardware/FixIP/Fix_Mul/sim/ directory:
Info: 	cadence/cds.lib
Info: 	cadence/hdl.var
Info: 	cadence/ncsim_setup.sh
Info: 	2 .cds.lib files in cadence/cds_libs/ directory
Info: Generating the following file(s) for XCELIUM simulator in /home/u59671/project/ECE554-RayTracing-TeamKEVIN/Hardware/FixIP/Fix_Mul/sim/ directory:
Info: 	xcelium/cds.lib
Info: 	xcelium/hdl.var
Info: 	xcelium/xcelium_setup.sh
Info: 	2 .cds.lib files in xcelium/cds_libs/ directory
Info: For information on how to simulate your IP, see the explanatory comments in the simulator-specific subdirectories under /home/u59671/project/ECE554-RayTracing-TeamKEVIN/Hardware/FixIP/Fix_Mul/sim/.
Info: Regenerate these scripts whenever you make any change to any Quartus-generated IP in your project.
Info: Finished: Create Modelsim Project.
Info: Starting: Create block symbol file (.bsf)
Info: qsys-generate /home/u59671/project/ECE554-RayTracing-TeamKEVIN/Hardware/FixIP/Fix_Mul.ip --block-symbol-file --output-directory=/home/u59671/project/ECE554-RayTracing-TeamKEVIN/Hardware/FixIP/Fix_Mul --family="Stratix 10" --part=1SX280HN2F43E2VG
Info: qsys-generate succeeded.
Info: Finished: Create block symbol file (.bsf)
Info: 
Info: Starting: Create HDL design files for synthesis
Info: qsys-generate /home/u59671/project/ECE554-RayTracing-TeamKEVIN/Hardware/FixIP/Fix_Mul.ip --synthesis=VERILOG --greybox --output-directory=/home/u59671/project/ECE554-RayTracing-TeamKEVIN/Hardware/FixIP/Fix_Mul --family="Stratix 10" --part=1SX280HN2F43E2VG
Info: Fix_Mul: "Transforming system: Fix_Mul"
Info: Fix_Mul: "Naming system components in system: Fix_Mul"
Info: Fix_Mul: "Processing generation queue"
Info: Fix_Mul: "Generating: Fix_Mul"
Info: Fix_Mul: "Generating: Fix_Mul_altera_fxp_functions_191_guxefki"
Info: fxp_functions_0: Latency on Stratix 10 is 6 cycles
Info: fxp_functions_0: DSP Blocks Used: 2
Info: fxp_functions_0: LUTs Used: 114
Info: fxp_functions_0: Memory Bits Used: 0
Info: fxp_functions_0: Memory Blocks Used: 0
Info: Fix_Mul: Done "Fix_Mul" with 2 modules, 4 files
Info: Generating third-party timing and resource estimation model ...
Info: Done generating third-party timing and resource estimation model.
Info: qsys-generate succeeded.
Info: Finished: Create HDL design files for synthesis
Info: Starting: IP-XACT
Info: qsys-generate /home/u59671/project/ECE554-RayTracing-TeamKEVIN/Hardware/FixIP/Fix_Mul.ip --synthesis=VERILOG --ipxact --output-directory=/home/u59671/project/ECE554-RayTracing-TeamKEVIN/Hardware/FixIP/Fix_Mul --family="Stratix 10" --part=1SX280HN2F43E2VG
Info: Finished: IP-XACT
Info: Starting: Generate IP Core Documentation
Info: No documentation filesets were found for components in Fix_Mul. No files generated.
Info: Finished: Generate IP Core Documentation
