0.00634619360789656 0.17722358184579257 0.20001953840255737 
0.10669307642587535 0.17722358184579257 0.20001953840255737 
0.10638373498051834 0.17722358184579257 0.19214641247547287 
0.00634619360789656 -0.1262632794928873 0.20001953840255737 
0.10638373498051834 -0.1262632794928873 0.19214641247547287 
0.10669307642587535 -0.1262632794928873 0.20001953840255737 
0.10669307642587535 0.17722358184579257 0.20001953840255737 
0.10638373498051834 -0.1262632794928873 0.19214641247547287 
0.10638373498051834 0.17722358184579257 0.19214641247547287 
0.10638373498051834 -0.1262632794928873 0.19214641247547287 
0.10669307642587535 0.17722358184579257 0.20001953840255737 
0.10669307642587535 -0.1262632794928873 0.20001953840255737 
0.00634619360789656 0.17722358184579257 0.20001953840255737 
0.10638373498051834 0.17722358184579257 0.19214641247547287 
0.10545764088135547 0.17722358184579257 0.18432182666605035 
0.00634619360789656 -0.1262632794928873 0.20001953840255737 
0.10545764088135547 -0.1262632794928873 0.18432182666605035 
0.10638373498051834 -0.1262632794928873 0.19214641247547287 
0.10638373498051834 0.17722358184579257 0.19214641247547287 
0.10545764088135547 -0.1262632794928873 0.18432182666605035 
0.10545764088135547 0.17722358184579257 0.18432182666605035 
0.10545764088135547 -0.1262632794928873 0.18432182666605035 
0.10638373498051834 0.17722358184579257 0.19214641247547287 
0.10638373498051834 -0.1262632794928873 0.19214641247547287 
0.00634619360789656 0.17722358184579257 0.20001953840255737 
0.10545764088135547 0.17722358184579257 0.18432182666605035 
0.10392048565697733 0.17722358184579257 0.17659402306871375 
0.00634619360789656 -0.1262632794928873 0.20001953840255737 
0.10392048565697733 -0.1262632794928873 0.17659402306871375 
0.10545764088135547 -0.1262632794928873 0.18432182666605035 
0.10545764088135547 0.17722358184579257 0.18432182666605035 
0.10392048565697733 -0.1262632794928873 0.17659402306871375 
0.10392048565697733 0.17722358184579257 0.17659402306871375 
0.10392048565697733 -0.1262632794928873 0.17659402306871375 
0.10545764088135547 0.17722358184579257 0.18432182666605035 
0.10545764088135547 -0.1262632794928873 0.18432182666605035 
0.00634619360789656 0.17722358184579257 0.20001953840255737 
0.10392048565697733 0.17722358184579257 0.17659402306871375 
0.1017817526452367 0.17722358184579257 0.16901064487038786 
0.00634619360789656 -0.1262632794928873 0.20001953840255737 
0.1017817526452367 -0.1262632794928873 0.16901064487038786 
0.10392048565697733 -0.1262632794928873 0.17659402306871375 
0.10392048565697733 0.17722358184579257 0.17659402306871375 
0.1017817526452367 -0.1262632794928873 0.16901064487038786 
0.1017817526452367 0.17722358184579257 0.16901064487038786 
0.1017817526452367 -0.1262632794928873 0.16901064487038786 
0.10392048565697733 0.17722358184579257 0.17659402306871375 
0.10392048565697733 -0.1262632794928873 0.17659402306871375 
0.00634619360789656 0.17722358184579257 0.20001953840255737 
0.1017817526452367 0.17722358184579257 0.16901064487038786 
0.0990546254405098 0.17722358184579257 0.16161844786400392 
0.00634619360789656 -0.1262632794928873 0.20001953840255737 
0.0990546254405098 -0.1262632794928873 0.16161844786400392 
0.1017817526452367 -0.1262632794928873 0.16901064487038786 
0.1017817526452367 0.17722358184579257 0.16901064487038786 
0.0990546254405098 -0.1262632794928873 0.16161844786400392 
0.0990546254405098 0.17722358184579257 0.16161844786400392 
0.0990546254405098 -0.1262632794928873 0.16161844786400392 
0.1017817526452367 0.17722358184579257 0.16901064487038786 
0.1017817526452367 -0.1262632794928873 0.16901064487038786 
0.00634619360789656 0.17722358184579257 0.20001953840255737 
0.0990546254405098 0.17722358184579257 0.16161844786400392 
0.09575591922914219 0.17722358184579257 0.154463006239959 
0.00634619360789656 -0.1262632794928873 0.20001953840255737 
0.09575591922914219 -0.1262632794928873 0.154463006239959 
0.0990546254405098 -0.1262632794928873 0.16161844786400392 
0.0990546254405098 0.17722358184579257 0.16161844786400392 
0.09575591922914219 -0.1262632794928873 0.154463006239959 
0.09575591922914219 0.17722358184579257 0.154463006239959 
0.09575591922914219 -0.1262632794928873 0.154463006239959 
0.0990546254405098 0.17722358184579257 0.16161844786400392 
0.0990546254405098 -0.1262632794928873 0.16161844786400392 
0.00634619360789656 0.17722358184579257 0.20001953840255737 
0.09575591922914219 0.17722358184579257 0.154463006239959 
0.09190597397792022 0.17722358184579257 0.14758843697422552 
0.00634619360789656 -0.1262632794928873 0.20001953840255737 
0.09190597397792022 -0.1262632794928873 0.14758843697422552 
0.09575591922914219 -0.1262632794928873 0.154463006239959 
0.09575591922914219 0.17722358184579257 0.154463006239959 
0.09190597397792022 -0.1262632794928873 0.14758843697422552 
0.09190597397792022 0.17722358184579257 0.14758843697422552 
0.09190597397792022 -0.1262632794928873 0.14758843697422552 
0.09575591922914219 0.17722358184579257 0.154463006239959 
0.09575591922914219 -0.1262632794928873 0.154463006239959 
0.00634619360789656 0.17722358184579257 0.20001953840255737 
0.09190597397792022 0.17722358184579257 0.14758843697422552 
0.08752852473435802 0.17722358184579257 0.14103711372604266 
0.00634619360789656 -0.1262632794928873 0.20001953840255737 
0.08752852473435802 -0.1262632794928873 0.14103711372604266 
0.09190597397792022 -0.1262632794928873 0.14758843697422552 
0.09190597397792022 0.17722358184579257 0.14758843697422552 
0.08752852473435802 -0.1262632794928873 0.14103711372604266 
0.08752852473435802 0.17722358184579257 0.14103711372604266 
0.08752852473435802 -0.1262632794928873 0.14103711372604266 
0.09190597397792022 0.17722358184579257 0.14758843697422552 
0.09190597397792022 -0.1262632794928873 0.14758843697422552 
0.00634619360789656 0.17722358184579257 0.20001953840255737 
0.08752852473435802 0.17722358184579257 0.14103711372604266 
0.08265055666819432 0.17722358184579257 0.13484944558546452 
0.00634619360789656 -0.1262632794928873 0.20001953840255737 
0.08265055666819432 -0.1262632794928873 0.13484944558546452 
0.08752852473435802 -0.1262632794928873 0.14103711372604266 
0.08752852473435802 0.17722358184579257 0.14103711372604266 
0.08265055666819432 -0.1262632794928873 0.13484944558546452 
0.08265055666819432 0.17722358184579257 0.13484944558546452 
0.08265055666819432 -0.1262632794928873 0.13484944558546452 
0.08752852473435802 0.17722358184579257 0.14103711372604266 
0.08752852473435802 -0.1262632794928873 0.14103711372604266 
0.00634619360789656 0.17722358184579257 0.20001953840255737 
0.08265055666819432 0.17722358184579257 0.13484944558546452 
0.07730214485409981 0.17722358184579257 0.12906357952695924 
0.00634619360789656 -0.1262632794928873 0.20001953840255737 
0.07730214485409981 -0.1262632794928873 0.12906357952695924 
0.08265055666819432 -0.1262632794928873 0.13484944558546452 
0.08265055666819432 0.17722358184579257 0.13484944558546452 
0.07730214485409981 -0.1262632794928873 0.12906357952695924 
0.07730214485409981 0.17722358184579257 0.12906357952695924 
0.07730214485409981 -0.1262632794928873 0.12906357952695924 
0.08265055666819432 0.17722358184579257 0.13484944558546452 
0.08265055666819432 -0.1262632794928873 0.13484944558546452 
0.00634619360789656 0.17722358184579257 0.20001953840255737 
0.07730214485409981 0.17722358184579257 0.12906357952695924 
0.07151627879559452 0.17722358184579257 0.12371516771286473 
0.00634619360789656 -0.1262632794928873 0.20001953840255737 
0.07151627879559452 -0.1262632794928873 0.12371516771286473 
0.07730214485409981 -0.1262632794928873 0.12906357952695924 
0.07730214485409981 0.17722358184579257 0.12906357952695924 
0.07151627879559452 -0.1262632794928873 0.12371516771286473 
0.07151627879559452 0.17722358184579257 0.12371516771286473 
0.07151627879559452 -0.1262632794928873 0.12371516771286473 
0.07730214485409981 0.17722358184579257 0.12906357952695924 
0.07730214485409981 -0.1262632794928873 0.12906357952695924 
0.00634619360789656 0.17722358184579257 0.20001953840255737 
0.07151627879559452 0.17722358184579257 0.12371516771286473 
0.06532861065501638 0.17722358184579257 0.11883720727609592 
0.00634619360789656 -0.1262632794928873 0.20001953840255737 
0.06532861065501638 -0.1262632794928873 0.11883720727609592 
0.07151627879559452 -0.1262632794928873 0.12371516771286473 
0.07151627879559452 0.17722358184579257 0.12371516771286473 
0.06532861065501638 -0.1262632794928873 0.11883720727609592 
0.06532861065501638 0.17722358184579257 0.11883720727609592 
0.06532861065501638 -0.1262632794928873 0.11883720727609592 
0.07151627879559452 0.17722358184579257 0.12371516771286473 
0.07151627879559452 -0.1262632794928873 0.12371516771286473 
0.00634619360789656 0.17722358184579257 0.20001953840255737 
0.06532861065501638 0.17722358184579257 0.11883720727609592 
0.05877728740683352 0.17722358184579257 0.11445975803253372 
0.00634619360789656 -0.1262632794928873 0.20001953840255737 
0.05877728740683352 -0.1262632794928873 0.11445975803253372 
0.06532861065501638 -0.1262632794928873 0.11883720727609592 
0.06532861065501638 0.17722358184579257 0.11883720727609592 
0.05877728740683352 -0.1262632794928873 0.11445975803253372 
0.05877728740683352 0.17722358184579257 0.11445975803253372 
0.05877728740683352 -0.1262632794928873 0.11445975803253372 
0.06532861065501638 0.17722358184579257 0.11883720727609592 
0.06532861065501638 -0.1262632794928873 0.11883720727609592 
0.00634619360789656 0.17722358184579257 0.20001953840255737 
0.05877728740683352 0.17722358184579257 0.11445975803253372 
0.05190272577049493 0.17722358184579257 0.11060981278131175 
0.00634619360789656 -0.1262632794928873 0.20001953840255737 
0.05190272577049493 -0.1262632794928873 0.11060981278131175 
0.05877728740683352 -0.1262632794928873 0.11445975803253372 
0.05877728740683352 0.17722358184579257 0.11445975803253372 
0.05190272577049493 -0.1262632794928873 0.11060981278131175 
0.05190272577049493 0.17722358184579257 0.11060981278131175 
0.05190272577049493 -0.1262632794928873 0.11060981278131175 
0.05877728740683352 0.17722358184579257 0.11445975803253372 
0.05877728740683352 -0.1262632794928873 0.11445975803253372 
0.00634619360789656 0.17722358184579257 0.20001953840255737 
0.05190272577049493 0.17722358184579257 0.11060981278131175 
0.04474728414645001 0.17722358184579257 0.10731110656994414 
0.00634619360789656 -0.1262632794928873 0.20001953840255737 
0.04474728414645001 -0.1262632794928873 0.10731110656994414 
0.05190272577049493 -0.1262632794928873 0.11060981278131175 
0.05190272577049493 0.17722358184579257 0.11060981278131175 
0.04474728414645001 -0.1262632794928873 0.10731110656994414 
0.04474728414645001 0.17722358184579257 0.10731110656994414 
0.04474728414645001 -0.1262632794928873 0.10731110656994414 
0.05190272577049493 0.17722358184579257 0.11060981278131175 
0.05190272577049493 -0.1262632794928873 0.11060981278131175 
0.00634619360789656 0.17722358184579257 0.20001953840255737 
0.04474728414645001 0.17722358184579257 0.10731110656994414 
0.03735508141801991 0.17722358184579257 0.10458398699461215 
0.00634619360789656 -0.1262632794928873 0.20001953840255737 
0.03735508141801991 -0.1262632794928873 0.10458398699461215 
0.04474728414645001 -0.1262632794928873 0.10731110656994414 
0.04474728414645001 0.17722358184579257 0.10731110656994414 
0.03735508141801991 -0.1262632794928873 0.10458398699461215 
0.03735508141801991 0.17722358184579257 0.10458398699461215 
0.03735508141801991 -0.1262632794928873 0.10458398699461215 
0.04474728414645001 0.17722358184579257 0.10731110656994414 
0.04474728414645001 -0.1262632794928873 0.10731110656994414 
0.00634619360789656 0.17722358184579257 0.20001953840255737 
0.03735508141801991 0.17722358184579257 0.10458398699461215 
0.0297717013123453 0.17722358184579257 0.10244524635347663 
0.00634619360789656 -0.1262632794928873 0.20001953840255737 
0.0297717013123453 -0.1262632794928873 0.10244524635347663 
0.03735508141801991 -0.1262632794928873 0.10458398699461215 
0.03735508141801991 0.17722358184579257 0.10458398699461215 
0.0297717013123453 -0.1262632794928873 0.10244524635347663 
0.0297717013123453 0.17722358184579257 0.10244524635347663 
0.0297717013123453 -0.1262632794928873 0.10244524635347663 
0.03735508141801991 0.17722358184579257 0.10458398699461215 
0.03735508141801991 -0.1262632794928873 0.10458398699461215 
0.00634619360789656 0.17722358184579257 0.20001953840255737 
0.0297717013123453 0.17722358184579257 0.10244524635347663 
0.02204389390031125 0.17722358184579257 0.10090809112909847 
0.00634619360789656 -0.1262632794928873 0.20001953840255737 
0.02204389390031125 -0.1262632794928873 0.10090809112909847 
0.0297717013123453 -0.1262632794928873 0.10244524635347663 
0.0297717013123453 0.17722358184579257 0.10244524635347663 
0.02204389390031125 -0.1262632794928873 0.10090809112909847 
0.02204389390031125 0.17722358184579257 0.10090809112909847 
0.02204389390031125 -0.1262632794928873 0.10090809112909847 
0.0297717013123453 0.17722358184579257 0.10244524635347663 
0.0297717013123453 -0.1262632794928873 0.10244524635347663 
0.00634619360789656 0.17722358184579257 0.20001953840255737 
0.02204389390031125 0.17722358184579257 0.10090809112909847 
0.01421931810446952 0.17722358184579257 0.0999819894005407 
0.00634619360789656 -0.1262632794928873 0.20001953840255737 
0.01421931810446952 -0.1262632794928873 0.0999819894005407 
0.02204389390031125 -0.1262632794928873 0.10090809112909847 
0.02204389390031125 0.17722358184579257 0.10090809112909847 
0.01421931810446952 -0.1262632794928873 0.0999819894005407 
0.01421931810446952 0.17722358184579257 0.0999819894005407 
0.01421931810446952 -0.1262632794928873 0.0999819894005407 
0.02204389390031125 0.17722358184579257 0.10090809112909847 
0.02204389390031125 -0.1262632794928873 0.10090809112909847 
0.00634619360789656 0.17722358184579257 0.20001953840255737 
0.01421931810446952 0.17722358184579257 0.0999819894005407 
0.00634618164561595 0.17722358184579257 0.0996726708433684 
0.00634619360789656 -0.1262632794928873 0.20001953840255737 
0.00634618164561595 -0.1262632794928873 0.0996726708433684 
0.01421931810446952 -0.1262632794928873 0.0999819894005407 
0.01421931810446952 0.17722358184579257 0.0999819894005407 
0.00634618164561595 -0.1262632794928873 0.0996726708433684 
0.00634618164561595 0.17722358184579257 0.0996726708433684 
0.00634618164561595 -0.1262632794928873 0.0996726708433684 
0.01421931810446952 0.17722358184579257 0.0999819894005407 
0.01421931810446952 -0.1262632794928873 0.0999819894005407 
0.00634619360789656 0.17722358184579257 0.20001953840255737 
0.00634618164561595 0.17722358184579257 0.0996726708433684 
-0.00152693088867639 0.17722358184579257 0.0999819894005407 
0.00634619360789656 -0.1262632794928873 0.20001953840255737 
-0.00152693088867639 -0.1262632794928873 0.0999819894005407 
0.00634618164561595 -0.1262632794928873 0.0996726708433684 
0.00634618164561595 0.17722358184579257 0.0996726708433684 
-0.00152693088867639 -0.1262632794928873 0.0999819894005407 
-0.00152693088867639 0.17722358184579257 0.0999819894005407 
-0.00152693088867639 -0.1262632794928873 0.0999819894005407 
0.00634618164561595 0.17722358184579257 0.0996726708433684 
0.00634618164561595 -0.1262632794928873 0.0996726708433684 
0.00634619360789656 0.17722358184579257 0.20001953840255737 
-0.00152693088867639 0.17722358184579257 0.0999819894005407 
-0.00935150668451811 0.17722358184579257 0.10090809112909847 
0.00634619360789656 -0.1262632794928873 0.20001953840255737 
-0.00935150668451811 -0.1262632794928873 0.10090809112909847 
-0.00152693088867639 -0.1262632794928873 0.0999819894005407 
-0.00152693088867639 0.17722358184579257 0.0999819894005407 
-0.00935150668451811 -0.1262632794928873 0.10090809112909847 
-0.00935150668451811 0.17722358184579257 0.10090809112909847 
-0.00935150668451811 -0.1262632794928873 0.10090809112909847 
-0.00152693088867639 0.17722358184579257 0.0999819894005407 
-0.00152693088867639 -0.1262632794928873 0.0999819894005407 
0.00634619360789656 0.17722358184579257 0.20001953840255737 
-0.00935150668451811 0.17722358184579257 0.10090809112909847 
-0.01707931409655216 0.17722358184579257 0.10244524635347663 
0.00634619360789656 -0.1262632794928873 0.20001953840255737 
-0.01707931409655216 -0.1262632794928873 0.10244524635347663 
-0.00935150668451811 -0.1262632794928873 0.10090809112909847 
-0.00935150668451811 0.17722358184579257 0.10090809112909847 
-0.01707931409655216 -0.1262632794928873 0.10244524635347663 
-0.01707931409655216 0.17722358184579257 0.10244524635347663 
-0.01707931409655216 -0.1262632794928873 0.10244524635347663 
-0.00935150668451811 0.17722358184579257 0.10090809112909847 
-0.00935150668451811 -0.1262632794928873 0.10090809112909847 
0.00634619360789656 0.17722358184579257 0.20001953840255737 
-0.01707931409655216 0.17722358184579257 0.10244524635347663 
-0.02466269420222677 0.17722358184579257 0.10458398699461215 
0.00634619360789656 -0.1262632794928873 0.20001953840255737 
-0.02466269420222677 -0.1262632794928873 0.10458398699461215 
-0.01707931409655216 -0.1262632794928873 0.10244524635347663 
-0.01707931409655216 0.17722358184579257 0.10244524635347663 
-0.02466269420222677 -0.1262632794928873 0.10458398699461215 
-0.02466269420222677 0.17722358184579257 0.10458398699461215 
-0.02466269420222677 -0.1262632794928873 0.10458398699461215 
-0.01707931409655216 0.17722358184579257 0.10244524635347663 
-0.01707931409655216 -0.1262632794928873 0.10244524635347663 
0.00634619360789656 0.17722358184579257 0.20001953840255737 
-0.02466269420222677 0.17722358184579257 0.10458398699461215 
-0.03205489693065688 0.17722358184579257 0.10731110656994414 
0.00634619360789656 -0.1262632794928873 0.20001953840255737 
-0.03205489693065688 -0.1262632794928873 0.10731110656994414 
-0.02466269420222677 -0.1262632794928873 0.10458398699461215 
-0.02466269420222677 0.17722358184579257 0.10458398699461215 
-0.03205489693065688 -0.1262632794928873 0.10731110656994414 
-0.03205489693065688 0.17722358184579257 0.10731110656994414 
-0.03205489693065688 -0.1262632794928873 0.10731110656994414 
-0.02466269420222677 0.17722358184579257 0.10458398699461215 
-0.02466269420222677 -0.1262632794928873 0.10458398699461215 
0.00634619360789656 0.17722358184579257 0.20001953840255737 
-0.03205489693065688 0.17722358184579257 0.10731110656994414 
-0.03921033855470179 0.17722358184579257 0.11060981278131175 
0.00634619360789656 -0.1262632794928873 0.20001953840255737 
-0.03921033855470179 -0.1262632794928873 0.11060981278131175 
-0.03205489693065688 -0.1262632794928873 0.10731110656994414 
-0.03205489693065688 0.17722358184579257 0.10731110656994414 
-0.03921033855470179 -0.1262632794928873 0.11060981278131175 
-0.03921033855470179 0.17722358184579257 0.11060981278131175 
-0.03921033855470179 -0.1262632794928873 0.11060981278131175 
-0.03205489693065688 0.17722358184579257 0.10731110656994414 
-0.03205489693065688 -0.1262632794928873 0.10731110656994414 
0.00634619360789656 0.17722358184579257 0.20001953840255737 
-0.03921033855470179 0.17722358184579257 0.11060981278131175 
-0.04608491163513273 0.17722358184579257 0.11445975803253372 
0.00634619360789656 -0.1262632794928873 0.20001953840255737 
-0.04608491163513273 -0.1262632794928873 0.11445975803253372 
-0.03921033855470179 -0.1262632794928873 0.11060981278131175 
-0.03921033855470179 0.17722358184579257 0.11060981278131175 
-0.04608491163513273 -0.1262632794928873 0.11445975803253372 
-0.04608491163513273 0.17722358184579257 0.11445975803253372 
-0.04608491163513273 -0.1262632794928873 0.11445975803253372 
-0.03921033855470179 0.17722358184579257 0.11060981278131175 
-0.03921033855470179 -0.1262632794928873 0.11060981278131175 
0.00634619360789656 0.17722358184579257 0.20001953840255737 
-0.04608491163513273 0.17722358184579257 0.11445975803253372 
-0.05263621199513091 0.17722358184579257 0.11883719201730614 
0.00634619360789656 -0.1262632794928873 0.20001953840255737 
-0.05263621199513091 -0.1262632794928873 0.11883719201730614 
-0.04608491163513273 -0.1262632794928873 0.11445975803253372 
-0.04608491163513273 0.17722358184579257 0.11445975803253372 
-0.05263621199513091 -0.1262632794928873 0.11883719201730614 
-0.05263621199513091 0.17722358184579257 0.11883719201730614 
-0.05263621199513091 -0.1262632794928873 0.11883719201730614 
-0.04608491163513273 0.17722358184579257 0.11445975803253372 
-0.04608491163513273 -0.1262632794928873 0.11445975803253372 
0.00634619360789656 0.17722358184579257 0.20001953840255737 
-0.05263621199513091 0.17722358184579257 0.11883719201730614 
-0.0588238839504065 0.17722358184579257 0.12371516771286473 
0.00634619360789656 -0.1262632794928873 0.20001953840255737 
-0.0588238839504065 -0.1262632794928873 0.12371516771286473 
-0.05263621199513091 -0.1262632794928873 0.11883719201730614 
-0.05263621199513091 0.17722358184579257 0.11883719201730614 
-0.0588238839504065 -0.1262632794928873 0.12371516771286473 
-0.0588238839504065 0.17722358184579257 0.12371516771286473 
-0.0588238839504065 -0.1262632794928873 0.12371516771286473 
-0.05263621199513091 0.17722358184579257 0.11883719201730614 
-0.05263621199513091 -0.1262632794928873 0.11883719201730614 
0.00634619360789656 0.17722358184579257 0.20001953840255737 
-0.0588238839504065 0.17722358184579257 0.12371516771286473 
-0.06460975763830668 0.17722358184579257 0.12906357189756434 
0.00634619360789656 -0.1262632794928873 0.20001953840255737 
-0.06460975763830668 -0.1262632794928873 0.12906357189756434 
-0.0588238839504065 -0.1262632794928873 0.12371516771286473 
-0.0588238839504065 0.17722358184579257 0.12371516771286473 
-0.06460975763830668 -0.1262632794928873 0.12906357189756434 
-0.06460975763830668 0.17722358184579257 0.12906357189756434 
-0.06460975763830668 -0.1262632794928873 0.12906357189756434 
-0.0588238839504065 0.17722358184579257 0.12371516771286473 
-0.0588238839504065 -0.1262632794928873 0.12371516771286473 
0.00634619360789656 0.17722358184579257 0.20001953840255737 
-0.06460975763830668 0.17722358184579257 0.12906357189756434 
-0.06995816945240119 0.17722358184579257 0.13484944558546452 
0.00634619360789656 -0.1262632794928873 0.20001953840255737 
-0.06995816945240119 -0.1262632794928873 0.13484944558546452 
-0.06460975763830668 -0.1262632794928873 0.12906357189756434 
-0.06460975763830668 0.17722358184579257 0.12906357189756434 
-0.06995816945240119 -0.1262632794928873 0.13484944558546452 
-0.06995816945240119 0.17722358184579257 0.13484944558546452 
-0.06995816945240119 -0.1262632794928873 0.13484944558546452 
-0.06460975763830668 0.17722358184579257 0.12906357189756434 
-0.06460975763830668 -0.1262632794928873 0.12906357189756434 
0.00634619360789656 0.17722358184579257 0.20001953840255737 
-0.06995816945240119 0.17722358184579257 0.13484944558546452 
-0.07483613751856488 0.17722358184579257 0.14103711372604266 
0.00634619360789656 -0.1262632794928873 0.20001953840255737 
-0.07483613751856488 -0.1262632794928873 0.14103711372604266 
-0.06995816945240119 -0.1262632794928873 0.13484944558546452 
-0.06995816945240119 0.17722358184579257 0.13484944558546452 
-0.07483613751856488 -0.1262632794928873 0.14103711372604266 
-0.07483613751856488 0.17722358184579257 0.14103711372604266 
-0.07483613751856488 -0.1262632794928873 0.14103711372604266 
-0.06995816945240119 0.17722358184579257 0.13484944558546452 
-0.06995816945240119 -0.1262632794928873 0.13484944558546452 
0.00634619360789656 0.17722358184579257 0.20001953840255737 
-0.07483613751856488 0.17722358184579257 0.14103711372604266 
-0.07921358676212709 0.17722358184579257 0.14758843697422552 
0.00634619360789656 -0.1262632794928873 0.20001953840255737 
-0.07921358676212709 -0.1262632794928873 0.14758843697422552 
-0.07483613751856488 -0.1262632794928873 0.14103711372604266 
-0.07483613751856488 0.17722358184579257 0.14103711372604266 
-0.07921358676212709 -0.1262632794928873 0.14758843697422552 
-0.07921358676212709 0.17722358184579257 0.14758843697422552 
-0.07921358676212709 -0.1262632794928873 0.14758843697422552 
-0.07483613751856488 0.17722358184579257 0.14103711372604266 
-0.07483613751856488 -0.1262632794928873 0.14103711372604266 
0.00634619360789656 0.17722358184579257 0.20001953840255737 
-0.07921358676212709 0.17722358184579257 0.14758843697422552 
-0.08306353201334904 0.17722358184579257 0.15446301005465646 
0.00634619360789656 -0.1262632794928873 0.20001953840255737 
-0.08306353201334904 -0.1262632794928873 0.15446301005465646 
-0.07921358676212709 -0.1262632794928873 0.14758843697422552 
-0.07921358676212709 0.17722358184579257 0.14758843697422552 
-0.08306353201334904 -0.1262632794928873 0.15446301005465646 
-0.08306353201334904 0.17722358184579257 0.15446301005465646 
-0.08306353201334904 -0.1262632794928873 0.15446301005465646 
-0.07921358676212709 0.17722358184579257 0.14758843697422552 
-0.07921358676212709 -0.1262632794928873 0.14758843697422552 
0.00634619360789656 0.17722358184579257 0.20001953840255737 
-0.08306353201334904 0.17722358184579257 0.15446301005465646 
-0.08636223822471667 0.17722358184579257 0.16161845549339882 
0.00634619360789656 -0.1262632794928873 0.20001953840255737 
-0.08636223822471667 -0.1262632794928873 0.16161845549339882 
-0.08306353201334904 -0.1262632794928873 0.15446301005465646 
-0.08306353201334904 0.17722358184579257 0.15446301005465646 
-0.08636223822471667 -0.1262632794928873 0.16161845549339882 
-0.08636223822471667 0.17722358184579257 0.16161845549339882 
-0.08636223822471667 -0.1262632794928873 0.16161845549339882 
-0.08306353201334904 0.17722358184579257 0.15446301005465646 
-0.08306353201334904 -0.1262632794928873 0.15446301005465646 
0.00634619360789656 0.17722358184579257 0.20001953840255737 
-0.08636223822471667 0.17722358184579257 0.16161845549339882 
-0.08908936542944357 0.17722358184579257 0.16901065822182892 
0.00634619360789656 -0.1262632794928873 0.20001953840255737 
-0.08908936542944357 -0.1262632794928873 0.16901065822182892 
-0.08636223822471667 -0.1262632794928873 0.16161845549339882 
-0.08636223822471667 0.17722358184579257 0.16161845549339882 
-0.08908936542944357 -0.1262632794928873 0.16901065822182892 
-0.08908936542944357 0.17722358184579257 0.16901065822182892 
-0.08908936542944357 -0.1262632794928873 0.16901065822182892 
-0.08636223822471667 0.17722358184579257 0.16161845549339882 
-0.08636223822471667 -0.1262632794928873 0.16161845549339882 
0.00634619360789656 0.17722358184579257 0.20001953840255737 
-0.08908936542944357 0.17722358184579257 0.16901065822182892 
-0.09122809844118418 0.17722358184579257 0.17659401353197013 
0.00634619360789656 -0.1262632794928873 0.20001953840255737 
-0.09122809844118418 -0.1262632794928873 0.17659401353197013 
-0.08908936542944357 -0.1262632794928873 0.16901065822182892 
-0.08908936542944357 0.17722358184579257 0.16901065822182892 
-0.09122809844118418 -0.1262632794928873 0.17659401353197013 
-0.09122809844118418 0.17722358184579257 0.17659401353197013 
-0.09122809844118418 -0.1262632794928873 0.17659401353197013 
-0.08908936542944357 0.17722358184579257 0.16901065822182892 
-0.08908936542944357 -0.1262632794928873 0.16901065822182892 
0.00634619360789656 0.17722358184579257 0.20001953840255737 
-0.09122809844118418 0.17722358184579257 0.17659401353197013 
-0.09276524603616743 0.17722358184579257 0.1843218218976785 
0.00634619360789656 -0.1262632794928873 0.20001953840255737 
-0.09276524603616743 -0.1262632794928873 0.1843218218976785 
-0.09122809844118418 -0.1262632794928873 0.17659401353197013 
-0.09122809844118418 0.17722358184579257 0.17659401353197013 
-0.09276524603616743 -0.1262632794928873 0.1843218218976785 
-0.09276524603616743 0.17722358184579257 0.1843218218976785 
-0.09276524603616743 -0.1262632794928873 0.1843218218976785 
-0.09122809844118418 0.17722358184579257 0.17659401353197013 
-0.09122809844118418 -0.1262632794928873 0.17659401353197013 
0.00634619360789656 0.17722358184579257 0.20001953840255737 
-0.09276524603616743 0.17722358184579257 0.1843218218976785 
-0.0936913477647252 0.17722358184579257 0.1921464096144498 
0.00634619360789656 -0.1262632794928873 0.20001953840255737 
-0.0936913477647252 -0.1262632794928873 0.1921464096144498 
-0.09276524603616743 -0.1262632794928873 0.1843218218976785 
-0.09276524603616743 0.17722358184579257 0.1843218218976785 
-0.0936913477647252 -0.1262632794928873 0.1921464096144498 
-0.0936913477647252 0.17722358184579257 0.1921464096144498 
-0.0936913477647252 -0.1262632794928873 0.1921464096144498 
-0.09276524603616743 0.17722358184579257 0.1843218218976785 
-0.09276524603616743 -0.1262632794928873 0.1843218218976785 
0.00634619360789656 0.17722358184579257 0.20001953840255737 
-0.0936913477647252 0.17722358184579257 0.1921464096144498 
-0.0940006892100822 0.17722358184579257 0.20001953840255737 
0.00634619360789656 -0.1262632794928873 0.20001953840255737 
-0.0940006892100822 -0.1262632794928873 0.20001953840255737 
-0.0936913477647252 -0.1262632794928873 0.1921464096144498 
-0.0936913477647252 0.17722358184579257 0.1921464096144498 
-0.0940006892100822 -0.1262632794928873 0.20001953840255737 
-0.0940006892100822 0.17722358184579257 0.20001953840255737 
-0.0940006892100822 -0.1262632794928873 0.20001953840255737 
-0.0936913477647252 0.17722358184579257 0.1921464096144498 
-0.0936913477647252 -0.1262632794928873 0.1921464096144498 
0.00634619360789656 0.17722358184579257 0.20001953840255737 
-0.0940006892100822 0.17722358184579257 0.20001953840255737 
-0.0936913477647252 0.17722358184579257 0.20789266719066496 
0.00634619360789656 -0.1262632794928873 0.20001953840255737 
-0.0936913477647252 -0.1262632794928873 0.20789266719066496 
-0.0940006892100822 -0.1262632794928873 0.20001953840255737 
-0.0940006892100822 0.17722358184579257 0.20001953840255737 
-0.0936913477647252 -0.1262632794928873 0.20789266719066496 
-0.0936913477647252 0.17722358184579257 0.20789266719066496 
-0.0936913477647252 -0.1262632794928873 0.20789266719066496 
-0.0940006892100822 0.17722358184579257 0.20001953840255737 
-0.0940006892100822 -0.1262632794928873 0.20001953840255737 
0.00634619360789656 0.17722358184579257 0.20001953840255737 
-0.0936913477647252 0.17722358184579257 0.20789266719066496 
-0.09276524603616743 0.17722358184579257 0.2157172549074362 
0.00634619360789656 -0.1262632794928873 0.20001953840255737 
-0.09276524603616743 -0.1262632794928873 0.2157172549074362 
-0.0936913477647252 -0.1262632794928873 0.20789266719066496 
-0.0936913477647252 0.17722358184579257 0.20789266719066496 
-0.09276524603616743 -0.1262632794928873 0.2157172549074362 
-0.09276524603616743 0.17722358184579257 0.2157172549074362 
-0.09276524603616743 -0.1262632794928873 0.2157172549074362 
-0.0936913477647252 0.17722358184579257 0.20789266719066496 
-0.0936913477647252 -0.1262632794928873 0.20789266719066496 
0.00634619360789656 0.17722358184579257 0.20001953840255737 
-0.09276524603616743 0.17722358184579257 0.2157172549074362 
-0.09122809844118418 0.17722358184579257 0.2234450632731446 
0.00634619360789656 -0.1262632794928873 0.20001953840255737 
-0.09122809844118418 -0.1262632794928873 0.2234450632731446 
-0.09276524603616743 -0.1262632794928873 0.2157172549074362 
-0.09276524603616743 0.17722358184579257 0.2157172549074362 
-0.09122809844118418 -0.1262632794928873 0.2234450632731446 
-0.09122809844118418 0.17722358184579257 0.2234450632731446 
-0.09122809844118418 -0.1262632794928873 0.2234450632731446 
-0.09276524603616743 0.17722358184579257 0.2157172549074362 
-0.09276524603616743 -0.1262632794928873 0.2157172549074362 
0.00634619360789656 0.17722358184579257 0.20001953840255737 
-0.09122809844118418 0.17722358184579257 0.2234450632731446 
-0.08908936542944357 0.17722358184579257 0.23102841858328585 
0.00634619360789656 -0.1262632794928873 0.20001953840255737 
-0.08908936542944357 -0.1262632794928873 0.23102841858328585 
-0.09122809844118418 -0.1262632794928873 0.2234450632731446 
-0.09122809844118418 0.17722358184579257 0.2234450632731446 
-0.08908936542944357 -0.1262632794928873 0.23102841858328585 
-0.08908936542944357 0.17722358184579257 0.23102841858328585 
-0.08908936542944357 -0.1262632794928873 0.23102841858328585 
-0.09122809844118418 0.17722358184579257 0.2234450632731446 
-0.09122809844118418 -0.1262632794928873 0.2234450632731446 
0.00634619360789656 0.17722358184579257 0.20001953840255737 
-0.08908936542944357 0.17722358184579257 0.23102841858328585 
-0.08636223822471667 0.17722358184579257 0.23842062131171593 
0.00634619360789656 -0.1262632794928873 0.20001953840255737 
-0.08636223822471667 -0.1262632794928873 0.23842062131171593 
-0.08908936542944357 -0.1262632794928873 0.23102841858328585 
-0.08908936542944357 0.17722358184579257 0.23102841858328585 
-0.08636223822471667 -0.1262632794928873 0.23842062131171593 
-0.08636223822471667 0.17722358184579257 0.23842062131171593 
-0.08636223822471667 -0.1262632794928873 0.23842062131171593 
-0.08908936542944357 0.17722358184579257 0.23102841858328585 
-0.08908936542944357 -0.1262632794928873 0.23102841858328585 
0.00634619360789656 0.17722358184579257 0.20001953840255737 
-0.08636223822471667 0.17722358184579257 0.23842062131171593 
-0.08306353201334904 0.17722358184579257 0.2455760667504583 
0.00634619360789656 -0.1262632794928873 0.20001953840255737 
-0.08306353201334904 -0.1262632794928873 0.2455760667504583 
-0.08636223822471667 -0.1262632794928873 0.23842062131171593 
-0.08636223822471667 0.17722358184579257 0.23842062131171593 
-0.08306353201334904 -0.1262632794928873 0.2455760667504583 
-0.08306353201334904 0.17722358184579257 0.2455760667504583 
-0.08306353201334904 -0.1262632794928873 0.2455760667504583 
-0.08636223822471667 0.17722358184579257 0.23842062131171593 
-0.08636223822471667 -0.1262632794928873 0.23842062131171593 
0.00634619360789656 0.17722358184579257 0.20001953840255737 
-0.08306353201334904 0.17722358184579257 0.2455760667504583 
-0.07921358676212709 0.17722358184579257 0.2524506398308892 
0.00634619360789656 -0.1262632794928873 0.20001953840255737 
-0.07921358676212709 -0.1262632794928873 0.2524506398308892 
-0.08306353201334904 -0.1262632794928873 0.2455760667504583 
-0.08306353201334904 0.17722358184579257 0.2455760667504583 
-0.07921358676212709 -0.1262632794928873 0.2524506398308892 
-0.07921358676212709 0.17722358184579257 0.2524506398308892 
-0.07921358676212709 -0.1262632794928873 0.2524506398308892 
-0.08306353201334904 0.17722358184579257 0.2455760667504583 
-0.08306353201334904 -0.1262632794928873 0.2455760667504583 
0.00634619360789656 0.17722358184579257 0.20001953840255737 
-0.07921358676212709 0.17722358184579257 0.2524506398308892 
-0.07483613751856488 0.17722358184579257 0.2590019630790721 
0.00634619360789656 -0.1262632794928873 0.20001953840255737 
-0.07483613751856488 -0.1262632794928873 0.2590019630790721 
-0.07921358676212709 -0.1262632794928873 0.2524506398308892 
-0.07921358676212709 0.17722358184579257 0.2524506398308892 
-0.07483613751856488 -0.1262632794928873 0.2590019630790721 
-0.07483613751856488 0.17722358184579257 0.2590019630790721 
-0.07483613751856488 -0.1262632794928873 0.2590019630790721 
-0.07921358676212709 0.17722358184579257 0.2524506398308892 
-0.07921358676212709 -0.1262632794928873 0.2524506398308892 
0.00634619360789656 0.17722358184579257 0.20001953840255737 
-0.07483613751856488 0.17722358184579257 0.2590019630790721 
-0.06995816945240119 0.17722358184579257 0.2651896312196502 
0.00634619360789656 -0.1262632794928873 0.20001953840255737 
-0.06995816945240119 -0.1262632794928873 0.2651896312196502 
-0.07483613751856488 -0.1262632794928873 0.2590019630790721 
-0.07483613751856488 0.17722358184579257 0.2590019630790721 
-0.06995816945240119 -0.1262632794928873 0.2651896312196502 
-0.06995816945240119 0.17722358184579257 0.2651896312196502 
-0.06995816945240119 -0.1262632794928873 0.2651896312196502 
-0.07483613751856488 0.17722358184579257 0.2590019630790721 
-0.07483613751856488 -0.1262632794928873 0.2590019630790721 
0.00634619360789656 0.17722358184579257 0.20001953840255737 
-0.06995816945240119 0.17722358184579257 0.2651896312196502 
-0.06460975763830668 0.17722358184579257 0.2709755049075504 
0.00634619360789656 -0.1262632794928873 0.20001953840255737 
-0.06460975763830668 -0.1262632794928873 0.2709755049075504 
-0.06995816945240119 -0.1262632794928873 0.2651896312196502 
-0.06995816945240119 0.17722358184579257 0.2651896312196502 
-0.06460975763830668 -0.1262632794928873 0.2709755049075504 
-0.06460975763830668 0.17722358184579257 0.2709755049075504 
-0.06460975763830668 -0.1262632794928873 0.2709755049075504 
-0.06995816945240119 0.17722358184579257 0.2651896312196502 
-0.06995816945240119 -0.1262632794928873 0.2651896312196502 
0.00634619360789656 0.17722358184579257 0.20001953840255737 
-0.06460975763830668 0.17722358184579257 0.2709755049075504 
-0.0588238839504065 0.17722358184579257 0.27632390909225 
0.00634619360789656 -0.1262632794928873 0.20001953840255737 
-0.0588238839504065 -0.1262632794928873 0.27632390909225 
-0.06460975763830668 -0.1262632794928873 0.2709755049075504 
-0.06460975763830668 0.17722358184579257 0.2709755049075504 
-0.0588238839504065 -0.1262632794928873 0.27632390909225 
-0.0588238839504065 0.17722358184579257 0.27632390909225 
-0.0588238839504065 -0.1262632794928873 0.27632390909225 
-0.06460975763830668 0.17722358184579257 0.2709755049075504 
-0.06460975763830668 -0.1262632794928873 0.2709755049075504 
0.00634619360789656 0.17722358184579257 0.20001953840255737 
-0.0588238839504065 0.17722358184579257 0.27632390909225 
-0.05263621199513091 0.17722358184579257 0.2812018847878086 
0.00634619360789656 -0.1262632794928873 0.20001953840255737 
-0.05263621199513091 -0.1262632794928873 0.2812018847878086 
-0.0588238839504065 -0.1262632794928873 0.27632390909225 
-0.0588238839504065 0.17722358184579257 0.27632390909225 
-0.05263621199513091 -0.1262632794928873 0.2812018847878086 
-0.05263621199513091 0.17722358184579257 0.2812018847878086 
-0.05263621199513091 -0.1262632794928873 0.2812018847878086 
-0.0588238839504065 0.17722358184579257 0.27632390909225 
-0.0588238839504065 -0.1262632794928873 0.27632390909225 
0.00634619360789656 0.17722358184579257 0.20001953840255737 
-0.05263621199513091 0.17722358184579257 0.2812018847878086 
-0.04608488874694805 0.17722358184579257 0.2855793340313708 
0.00634619360789656 -0.1262632794928873 0.20001953840255737 
-0.04608488874694805 -0.1262632794928873 0.2855793340313708 
-0.05263621199513091 -0.1262632794928873 0.2812018847878086 
-0.05263621199513091 0.17722358184579257 0.2812018847878086 
-0.04608488874694805 -0.1262632794928873 0.2855793340313708 
-0.04608488874694805 0.17722358184579257 0.2855793340313708 
-0.04608488874694805 -0.1262632794928873 0.2855793340313708 
-0.05263621199513091 0.17722358184579257 0.2812018847878086 
-0.05263621199513091 -0.1262632794928873 0.2812018847878086 
0.00634619360789656 0.17722358184579257 0.20001953840255737 
-0.04608488874694805 0.17722358184579257 0.2855793340313708 
-0.03921031566651711 0.17722358184579257 0.2894292716531979 
0.00634619360789656 -0.1262632794928873 0.20001953840255737 
-0.03921031566651711 -0.1262632794928873 0.2894292716531979 
-0.04608488874694805 -0.1262632794928873 0.2855793340313708 
-0.04608488874694805 0.17722358184579257 0.2855793340313708 
-0.03921031566651711 -0.1262632794928873 0.2894292716531979 
-0.03921031566651711 0.17722358184579257 0.2894292716531979 
-0.03921031566651711 -0.1262632794928873 0.2894292716531979 
-0.04608488874694805 0.17722358184579257 0.2855793340313708 
-0.04608488874694805 -0.1262632794928873 0.2855793340313708 
0.00634619360789656 0.17722358184579257 0.20001953840255737 
-0.03921031566651711 0.17722358184579257 0.2894292716531979 
-0.03205487022777475 0.17722358184579257 0.2927279702351706 
0.00634619360789656 -0.1262632794928873 0.20001953840255737 
-0.03205487022777475 -0.1262632794928873 0.2927279702351706 
-0.03921031566651711 -0.1262632794928873 0.2894292716531979 
-0.03921031566651711 0.17722358184579257 0.2894292716531979 
-0.03205487022777475 -0.1262632794928873 0.2927279702351706 
-0.03205487022777475 0.17722358184579257 0.2927279702351706 
-0.03205487022777475 -0.1262632794928873 0.2927279702351706 
-0.03921031566651711 0.17722358184579257 0.2894292716531979 
-0.03921031566651711 -0.1262632794928873 0.2894292716531979 
0.00634619360789656 0.17722358184579257 0.20001953840255737 
-0.03205487022777475 0.17722358184579257 0.2927279702351706 
-0.02466271709041145 0.17722358184579257 0.2954550821811077 
0.00634619360789656 -0.1262632794928873 0.20001953840255737 
-0.02466271709041145 -0.1262632794928873 0.2954550821811077 
-0.03205487022777475 -0.1262632794928873 0.2927279702351706 
-0.03205487022777475 0.17722358184579257 0.2927279702351706 
-0.02466271709041145 -0.1262632794928873 0.2954550821811077 
-0.02466271709041145 0.17722358184579257 0.2954550821811077 
-0.02466271709041145 -0.1262632794928873 0.2954550821811077 
-0.03205487022777475 0.17722358184579257 0.2927279702351706 
-0.03205487022777475 -0.1262632794928873 0.2927279702351706 
0.00634619360789656 0.17722358184579257 0.20001953840255737 
-0.02466271709041145 0.17722358184579257 0.2954550821811077 
-0.01707933698473684 0.17722358184579257 0.2975938228222432 
0.00634619360789656 -0.1262632794928873 0.20001953840255737 
-0.01707933698473684 -0.1262632794928873 0.2975938228222432 
-0.02466271709041145 -0.1262632794928873 0.2954550821811077 
-0.02466271709041145 0.17722358184579257 0.2954550821811077 
-0.01707933698473684 -0.1262632794928873 0.2975938228222432 
-0.01707933698473684 0.17722358184579257 0.2975938228222432 
-0.01707933698473684 -0.1262632794928873 0.2975938228222432 
-0.02466271709041145 0.17722358184579257 0.2954550821811077 
-0.02466271709041145 -0.1262632794928873 0.2954550821811077 
0.00634619360789656 0.17722358184579257 0.20001953840255737 
-0.01707933698473684 0.17722358184579257 0.2975938228222432 
-0.00935153052637716 0.17722358184579257 0.29913098567601626 
0.00634619360789656 -0.1262632794928873 0.20001953840255737 
-0.00935153052637716 -0.1262632794928873 0.29913098567601626 
-0.01707933698473684 -0.1262632794928873 0.2975938228222432 
-0.01707933698473684 0.17722358184579257 0.2975938228222432 
-0.00935153052637716 -0.1262632794928873 0.29913098567601626 
-0.00935153052637716 0.17722358184579257 0.29913098567601626 
-0.00935153052637716 -0.1262632794928873 0.29913098567601626 
-0.01707933698473684 0.17722358184579257 0.2975938228222432 
-0.01707933698473684 -0.1262632794928873 0.2975938228222432 
0.00634619360789656 0.17722358184579257 0.20001953840255737 
-0.00935153052637716 0.17722358184579257 0.29913098567601626 
-0.00152693708755974 0.17722358184579257 0.30005707977517915 
0.00634619360789656 -0.1262632794928873 0.20001953840255737 
-0.00152693708755974 -0.1262632794928873 0.30005707977517915 
-0.00935153052637716 -0.1262632794928873 0.29913098567601626 
-0.00935153052637716 0.17722358184579257 0.29913098567601626 
-0.00152693708755974 -0.1262632794928873 0.30005707977517915 
-0.00152693708755974 0.17722358184579257 0.30005707977517915 
-0.00152693708755974 -0.1262632794928873 0.30005707977517915 
-0.00935153052637716 0.17722358184579257 0.29913098567601626 
-0.00935153052637716 -0.1262632794928873 0.29913098567601626 
0.00634619360789656 0.17722358184579257 0.20001953840255737 
-0.00152693708755974 0.17722358184579257 0.30005707977517915 
0.00634618762675626 0.17722358184579257 0.30036642122053614 
0.00634619360789656 -0.1262632794928873 0.20001953840255737 
0.00634618762675626 -0.1262632794928873 0.30036642122053614 
-0.00152693708755974 -0.1262632794928873 0.30005707977517915 
-0.00152693708755974 0.17722358184579257 0.30005707977517915 
0.00634618762675626 -0.1262632794928873 0.30036642122053614 
0.00634618762675626 0.17722358184579257 0.30036642122053614 
0.00634618762675626 -0.1262632794928873 0.30036642122053614 
-0.00152693708755974 0.17722358184579257 0.30005707977517915 
-0.00152693708755974 -0.1262632794928873 0.30005707977517915 
0.00634619360789656 0.17722358184579257 0.20001953840255737 
0.00634618762675626 0.17722358184579257 0.30036642122053614 
0.01421931190558617 0.17722358184579257 0.30005707977517915 
0.00634619360789656 -0.1262632794928873 0.20001953840255737 
0.01421931190558617 -0.1262632794928873 0.30005707977517915 
0.00634618762675626 -0.1262632794928873 0.30036642122053614 
0.00634618762675626 0.17722358184579257 0.30036642122053614 
0.01421931190558617 -0.1262632794928873 0.30005707977517915 
0.01421931190558617 0.17722358184579257 0.30005707977517915 
0.01421931190558617 -0.1262632794928873 0.30005707977517915 
0.00634618762675626 0.17722358184579257 0.30036642122053614 
0.00634618762675626 -0.1262632794928873 0.30036642122053614 
0.00634619360789656 0.17722358184579257 0.20001953840255737 
0.01421931190558617 0.17722358184579257 0.30005707977517915 
0.02204389390031125 0.17722358184579257 0.29913098567601626 
0.00634619360789656 -0.1262632794928873 0.20001953840255737 
0.02204389390031125 -0.1262632794928873 0.29913098567601626 
0.01421931190558617 -0.1262632794928873 0.30005707977517915 
0.01421931190558617 0.17722358184579257 0.30005707977517915 
0.02204389390031125 -0.1262632794928873 0.29913098567601626 
0.02204389390031125 0.17722358184579257 0.29913098567601626 
0.02204389390031125 -0.1262632794928873 0.29913098567601626 
0.01421931190558617 0.17722358184579257 0.30005707977517915 
0.01421931190558617 -0.1262632794928873 0.30005707977517915 
0.00634619360789656 0.17722358184579257 0.20001953840255737 
0.02204389390031125 0.17722358184579257 0.29913098567601626 
0.0297717013123453 0.17722358184579257 0.2975938304516381 
0.00634619360789656 -0.1262632794928873 0.20001953840255737 
0.0297717013123453 -0.1262632794928873 0.2975938304516381 
0.02204389390031125 -0.1262632794928873 0.29913098567601626 
0.02204389390031125 0.17722358184579257 0.29913098567601626 
0.0297717013123453 -0.1262632794928873 0.2975938304516381 
0.0297717013123453 0.17722358184579257 0.2975938304516381 
0.0297717013123453 -0.1262632794928873 0.2975938304516381 
0.02204389390031125 0.17722358184579257 0.29913098567601626 
0.02204389390031125 -0.1262632794928873 0.29913098567601626 
0.00634619360789656 0.17722358184579257 0.20001953840255737 
0.0297717013123453 0.17722358184579257 0.2975938304516381 
0.03735508141801991 0.17722358184579257 0.2954550898105026 
0.00634619360789656 -0.1262632794928873 0.20001953840255737 
0.03735508141801991 -0.1262632794928873 0.2954550898105026 
0.0297717013123453 -0.1262632794928873 0.2975938304516381 
0.0297717013123453 0.17722358184579257 0.2975938304516381 
0.03735508141801991 -0.1262632794928873 0.2954550898105026 
0.03735508141801991 0.17722358184579257 0.2954550898105026 
0.03735508141801991 -0.1262632794928873 0.2954550898105026 
0.0297717013123453 0.17722358184579257 0.2975938304516381 
0.0297717013123453 -0.1262632794928873 0.2975938304516381 
0.00634619360789656 0.17722358184579257 0.20001953840255737 
0.03735508141801991 0.17722358184579257 0.2954550898105026 
0.04474728414645001 0.17722358184579257 0.2927279702351706 
0.00634619360789656 -0.1262632794928873 0.20001953840255737 
0.04474728414645001 -0.1262632794928873 0.2927279702351706 
0.03735508141801991 -0.1262632794928873 0.2954550898105026 
0.03735508141801991 0.17722358184579257 0.2954550898105026 
0.04474728414645001 -0.1262632794928873 0.2927279702351706 
0.04474728414645001 0.17722358184579257 0.2927279702351706 
0.04474728414645001 -0.1262632794928873 0.2927279702351706 
0.03735508141801991 0.17722358184579257 0.2954550898105026 
0.03735508141801991 -0.1262632794928873 0.2954550898105026 
0.00634619360789656 0.17722358184579257 0.20001953840255737 
0.04474728414645001 0.17722358184579257 0.2927279702351706 
0.05190272577049493 0.17722358184579257 0.289429264023803 
0.00634619360789656 -0.1262632794928873 0.20001953840255737 
0.05190272577049493 -0.1262632794928873 0.289429264023803 
0.04474728414645001 -0.1262632794928873 0.2927279702351706 
0.04474728414645001 0.17722358184579257 0.2927279702351706 
0.05190272577049493 -0.1262632794928873 0.289429264023803 
0.05190272577049493 0.17722358184579257 0.289429264023803 
0.05190272577049493 -0.1262632794928873 0.289429264023803 
0.04474728414645001 0.17722358184579257 0.2927279702351706 
0.04474728414645001 -0.1262632794928873 0.2927279702351706 
0.00634619360789656 0.17722358184579257 0.20001953840255737 
0.05190272577049493 0.17722358184579257 0.289429264023803 
0.05877729885092586 0.17722358184579257 0.285579318772581 
0.00634619360789656 -0.1262632794928873 0.20001953840255737 
0.05877729885092586 -0.1262632794928873 0.285579318772581 
0.05190272577049493 -0.1262632794928873 0.289429264023803 
0.05190272577049493 0.17722358184579257 0.289429264023803 
0.05877729885092586 -0.1262632794928873 0.285579318772581 
0.05877729885092586 0.17722358184579257 0.285579318772581 
0.05877729885092586 -0.1262632794928873 0.285579318772581 
0.05190272577049493 0.17722358184579257 0.289429264023803 
0.05190272577049493 -0.1262632794928873 0.289429264023803 
0.00634619360789656 0.17722358184579257 0.20001953840255737 
0.05877729885092586 0.17722358184579257 0.285579318772581 
0.06532861828441128 0.17722358184579257 0.2812018695290188 
0.00634619360789656 -0.1262632794928873 0.20001953840255737 
0.06532861828441128 -0.1262632794928873 0.2812018695290188 
0.05877729885092586 -0.1262632794928873 0.285579318772581 
0.05877729885092586 0.17722358184579257 0.285579318772581 
0.06532861828441128 -0.1262632794928873 0.2812018695290188 
0.06532861828441128 0.17722358184579257 0.2812018695290188 
0.06532861828441128 -0.1262632794928873 0.2812018695290188 
0.05877729885092586 0.17722358184579257 0.285579318772581 
0.05877729885092586 -0.1262632794928873 0.285579318772581 
0.00634619360789656 0.17722358184579257 0.20001953840255737 
0.06532861828441128 0.17722358184579257 0.2812018695290188 
0.07151629405438431 0.17722358184579257 0.2763239014628551 
0.00634619360789656 -0.1262632794928873 0.20001953840255737 
0.07151629405438431 -0.1262632794928873 0.2763239014628551 
0.06532861828441128 -0.1262632794928873 0.2812018695290188 
0.06532861828441128 0.17722358184579257 0.2812018695290188 
0.07151629405438431 -0.1262632794928873 0.2763239014628551 
0.07151629405438431 0.17722358184579257 0.2763239014628551 
0.07151629405438431 -0.1262632794928873 0.2763239014628551 
0.06532861828441128 0.17722358184579257 0.2812018695290188 
0.06532861828441128 -0.1262632794928873 0.2812018695290188 
0.00634619360789656 0.17722358184579257 0.20001953840255737 
0.07151629405438431 0.17722358184579257 0.2763239014628551 
0.07730216774228449 0.17722358184579257 0.2709754896487606 
0.00634619360789656 -0.1262632794928873 0.20001953840255737 
0.07730216774228449 -0.1262632794928873 0.2709754896487606 
0.07151629405438431 -0.1262632794928873 0.2763239014628551 
0.07151629405438431 0.17722358184579257 0.2763239014628551 
0.07730216774228449 -0.1262632794928873 0.2709754896487606 
0.07730216774228449 0.17722358184579257 0.2709754896487606 
0.07730216774228449 -0.1262632794928873 0.2709754896487606 
0.07151629405438431 0.17722358184579257 0.2763239014628551 
0.07151629405438431 -0.1262632794928873 0.2763239014628551 
0.00634619360789656 0.17722358184579257 0.20001953840255737 
0.07730216774228449 0.17722358184579257 0.2709754896487606 
0.0826505719269841 0.17722358184579257 0.26518961596086044 
0.00634619360789656 -0.1262632794928873 0.20001953840255737 
0.0826505719269841 -0.1262632794928873 0.26518961596086044 
0.07730216774228449 -0.1262632794928873 0.2709754896487606 
0.07730216774228449 0.17722358184579257 0.2709754896487606 
0.0826505719269841 -0.1262632794928873 0.26518961596086044 
0.0826505719269841 0.17722358184579257 0.26518961596086044 
0.0826505719269841 -0.1262632794928873 0.26518961596086044 
0.07730216774228449 0.17722358184579257 0.2709754896487606 
0.07730216774228449 -0.1262632794928873 0.2709754896487606 
0.00634619360789656 0.17722358184579257 0.20001953840255737 
0.0826505719269841 0.17722358184579257 0.26518961596086044 
0.0875285399931478 0.17722358184579257 0.25900193637618996 
0.00634619360789656 -0.1262632794928873 0.20001953840255737 
0.0875285399931478 -0.1262632794928873 0.25900193637618996 
0.0826505719269841 -0.1262632794928873 0.26518961596086044 
0.0826505719269841 0.17722358184579257 0.26518961596086044 
0.0875285399931478 -0.1262632794928873 0.25900193637618996 
0.0875285399931478 0.17722358184579257 0.25900193637618996 
0.0875285399931478 -0.1262632794928873 0.25900193637618996 
0.0826505719269841 0.17722358184579257 0.26518961596086044 
0.0826505719269841 -0.1262632794928873 0.26518961596086044 
0.00634619360789656 0.17722358184579257 0.20001953840255737 
0.0875285399931478 0.17722358184579257 0.25900193637618996 
0.09190596634852533 0.17722358184579257 0.2524506627190739 
0.00634619360789656 -0.1262632794928873 0.20001953840255737 
0.09190596634852533 -0.1262632794928873 0.2524506627190739 
0.0875285399931478 -0.1262632794928873 0.25900193637618996 
0.0875285399931478 0.17722358184579257 0.25900193637618996 
0.09190596634852533 -0.1262632794928873 0.2524506627190739 
0.09190596634852533 0.17722358184579257 0.2524506627190739 
0.09190596634852533 -0.1262632794928873 0.2524506627190739 
0.0875285399931478 0.17722358184579257 0.25900193637618996 
0.0875285399931478 -0.1262632794928873 0.25900193637618996 
0.00634619360789656 0.17722358184579257 0.20001953840255737 
0.09190596634852533 0.17722358184579257 0.2524506627190739 
0.09575591159974728 0.17722358184579257 0.24557608582394552 
0.00634619360789656 -0.1262632794928873 0.20001953840255737 
0.09575591159974728 -0.1262632794928873 0.24557608582394552 
0.09190596634852533 -0.1262632794928873 0.2524506627190739 
0.09190596634852533 0.17722358184579257 0.2524506627190739 
0.09575591159974728 -0.1262632794928873 0.24557608582394552 
0.09575591159974728 0.17722358184579257 0.24557608582394552 
0.09575591159974728 -0.1262632794928873 0.24557608582394552 
0.09190596634852533 0.17722358184579257 0.2524506627190739 
0.09190596634852533 -0.1262632794928873 0.2524506627190739 
0.00634619360789656 0.17722358184579257 0.20001953840255737 
0.09575591159974728 0.17722358184579257 0.24557608582394552 
0.0990546178111149 0.17722358184579257 0.23842064038520316 
0.00634619360789656 -0.1262632794928873 0.20001953840255737 
0.0990546178111149 -0.1262632794928873 0.23842064038520316 
0.09575591159974728 -0.1262632794928873 0.24557608582394552 
0.09575591159974728 0.17722358184579257 0.24557608582394552 
0.0990546178111149 -0.1262632794928873 0.23842064038520316 
0.0990546178111149 0.17722358184579257 0.23842064038520316 
0.0990546178111149 -0.1262632794928873 0.23842064038520316 
0.09575591159974728 0.17722358184579257 0.24557608582394552 
0.09575591159974728 -0.1262632794928873 0.24557608582394552 
0.00634619360789656 0.17722358184579257 0.20001953840255737 
0.0990546178111149 0.17722358184579257 0.23842064038520316 
0.1017817450158418 0.17722358184579257 0.23102844337881925 
0.00634619360789656 -0.1262632794928873 0.20001953840255737 
0.1017817450158418 -0.1262632794928873 0.23102844337881925 
0.0990546178111149 -0.1262632794928873 0.23842064038520316 
0.0990546178111149 0.17722358184579257 0.23842064038520316 
0.1017817450158418 -0.1262632794928873 0.23102844337881925 
0.1017817450158418 0.17722358184579257 0.23102844337881925 
0.1017817450158418 -0.1262632794928873 0.23102844337881925 
0.0990546178111149 0.17722358184579257 0.23842064038520316 
0.0990546178111149 -0.1262632794928873 0.23842064038520316 
0.00634619360789656 0.17722358184579257 0.20001953840255737 
0.1017817450158418 0.17722358184579257 0.23102844337881925 
0.10392048565697733 0.17722358184579257 0.2234450632731446 
0.00634619360789656 -0.1262632794928873 0.20001953840255737 
0.10392048565697733 -0.1262632794928873 0.2234450632731446 
0.1017817450158418 -0.1262632794928873 0.23102844337881925 
0.1017817450158418 0.17722358184579257 0.23102844337881925 
0.10392048565697733 -0.1262632794928873 0.2234450632731446 
0.10392048565697733 0.17722358184579257 0.2234450632731446 
0.10392048565697733 -0.1262632794928873 0.2234450632731446 
0.1017817450158418 0.17722358184579257 0.23102844337881925 
0.1017817450158418 -0.1262632794928873 0.23102844337881925 
0.00634619360789656 0.17722358184579257 0.20001953840255737 
0.10392048565697733 0.17722358184579257 0.2234450632731446 
0.10545763325196056 0.17722358184579257 0.2157172549074362 
0.00634619360789656 -0.1262632794928873 0.20001953840255737 
0.10545763325196056 -0.1262632794928873 0.2157172549074362 
0.10392048565697733 -0.1262632794928873 0.2234450632731446 
0.10392048565697733 0.17722358184579257 0.2234450632731446 
0.10545763325196056 -0.1262632794928873 0.2157172549074362 
0.10545763325196056 0.17722358184579257 0.2157172549074362 
0.10545763325196056 -0.1262632794928873 0.2157172549074362 
0.10392048565697733 0.17722358184579257 0.2234450632731446 
0.10392048565697733 -0.1262632794928873 0.2234450632731446 
0.00634619360789656 0.17722358184579257 0.20001953840255737 
0.10545763325196056 0.17722358184579257 0.2157172549074362 
0.10638373498051834 0.17722358184579257 0.20789266719066496 
0.00634619360789656 -0.1262632794928873 0.20001953840255737 
0.10638373498051834 -0.1262632794928873 0.20789266719066496 
0.10545763325196056 -0.1262632794928873 0.2157172549074362 
0.10545763325196056 0.17722358184579257 0.2157172549074362 
0.10638373498051834 -0.1262632794928873 0.20789266719066496 
0.10638373498051834 0.17722358184579257 0.20789266719066496 
0.10638373498051834 -0.1262632794928873 0.20789266719066496 
0.10545763325196056 0.17722358184579257 0.2157172549074362 
0.10545763325196056 -0.1262632794928873 0.2157172549074362 
0.00634619360789656 0.17722358184579257 0.20001953840255737 
0.10638373498051834 0.17722358184579257 0.20789266719066496 
0.10669307642587535 0.17722358184579257 0.20001953840255737 
0.00634619360789656 -0.1262632794928873 0.20001953840255737 
0.10669307642587535 -0.1262632794928873 0.20001953840255737 
0.10638373498051834 -0.1262632794928873 0.20789266719066496 
0.10638373498051834 0.17722358184579257 0.20789266719066496 
0.10669307642587535 -0.1262632794928873 0.20001953840255737 
0.10669307642587535 0.17722358184579257 0.20001953840255737 
0.10669307642587535 -0.1262632794928873 0.20001953840255737 
0.10638373498051834 0.17722358184579257 0.20789266719066496 
0.10638373498051834 -0.1262632794928873 0.20789266719066496 
