0.08808157901452741 -0.11582076036738266 0.3009494569923272 
-0.03618875188212388 -0.11300863658362098 0.3032626752285474 
0.08444028434660966 -0.2117932418767324 0.22200391747496917 
-0.03618875188212388 -0.11300863658362098 0.3032626752285474 
0.08808157284570971 0.050226169167030946 0.09908959001046513 
0.08444028434660966 -0.2117932418767324 0.22200391747496917 
0.08808157901452741 -0.11582076036738266 0.3009494569923272 
0.09172289525237518 -0.019848279346140682 0.37989499610817384 
-0.03618875188212388 -0.11300863658362098 0.3032626752285474 
0.09172289525237518 -0.019848279346140682 0.37989499610817384 
0.08808157284570971 0.050226169167030946 0.09908959001046513 
-0.03618875188212388 -0.11300863658362098 0.3032626752285474 
0.08808157901452741 -0.11582076036738266 0.3009494569923272 
0.2123519086471204 -0.11863291746753923 0.29863621135053486 
0.09172289525237518 -0.019848279346140682 0.37989499610817384 
0.2123519086471204 -0.11863291746753923 0.29863621135053486 
0.08808157284570971 0.050226169167030946 0.09908959001046513 
0.09172289525237518 -0.019848279346140682 0.37989499610817384 
0.08808157901452741 -0.11582076036738266 0.3009494569923272 
0.08444028434660966 -0.2117932418767324 0.22200391747496917 
0.2123519086471204 -0.11863291746753923 0.29863621135053486 
0.08444028434660966 -0.2117932418767324 0.22200391747496917 
0.08808157284570971 0.050226169167030946 0.09908959001046513 
0.2123519086471204 -0.11863291746753923 0.29863621135053486 
