Info: Generated by version: 19.2 build 57
Info: Starting: Create simulation model
Info: qsys-generate /home/u59671/project/ECE554-RayTracing-TeamKEVIN/Hardware/Natives/Native_Fixed_Add.ip --simulation=VERILOG --allow-mixed-language-simulation --output-directory=/home/u59671/project/ECE554-RayTracing-TeamKEVIN/Hardware/Natives/Native_Fixed_Add --family="Stratix 10" --part=1SX280HN2F43E2VG
Info: Native_Fixed_Add.s10_native_fixed_point_dsp_0: If the control signal (sub,negate,accumulate, loadconst) is tied to a constant value, the corresponding control signal input register must not be used.
Info: Native_Fixed_Add.s10_native_fixed_point_dsp_0: Info: If the control signal (sub,negate,accumulate,loadconst) is tied to constant value, the corresponding control signal pipeline register must not be used 
Info: Native_Fixed_Add: "Transforming system: Native_Fixed_Add"
Info: Native_Fixed_Add: "Naming system components in system: Native_Fixed_Add"
Info: Native_Fixed_Add: "Processing generation queue"
Info: Native_Fixed_Add: "Generating: Native_Fixed_Add"
Info: Native_Fixed_Add: "Generating: Native_Fixed_Add_altera_s10_native_fixed_point_dsp_191_cvqmw6i"
Info: s10_native_fixed_point_dsp_0: Verilog:generating top-level entity Native_Fixed_Add_altera_s10_native_fixed_point_dsp_191_cvqmw6i
Info: Native_Fixed_Add: Done "Native_Fixed_Add" with 2 modules, 2 files
Info: Generating the following file(s) for MODELSIM simulator in /home/u59671/project/ECE554-RayTracing-TeamKEVIN/Hardware/Natives/Native_Fixed_Add/sim/ directory:
Info: 	common/modelsim_files.tcl
Info: Generating the following file(s) for VCSMX simulator in /home/u59671/project/ECE554-RayTracing-TeamKEVIN/Hardware/Natives/Native_Fixed_Add/sim/ directory:
Info: 	common/vcsmx_files.tcl
Info: Generating the following file(s) for VCS simulator in /home/u59671/project/ECE554-RayTracing-TeamKEVIN/Hardware/Natives/Native_Fixed_Add/sim/ directory:
Info: 	common/vcs_files.tcl
Info: Generating the following file(s) for RIVIERA simulator in /home/u59671/project/ECE554-RayTracing-TeamKEVIN/Hardware/Natives/Native_Fixed_Add/sim/ directory:
Info: 	common/riviera_files.tcl
Info: Generating the following file(s) for NCSIM simulator in /home/u59671/project/ECE554-RayTracing-TeamKEVIN/Hardware/Natives/Native_Fixed_Add/sim/ directory:
Info: 	common/ncsim_files.tcl
Info: Generating the following file(s) for XCELIUM simulator in /home/u59671/project/ECE554-RayTracing-TeamKEVIN/Hardware/Natives/Native_Fixed_Add/sim/ directory:
Info: 	common/xcelium_files.tcl
Info: For information on how to simulate your IP, see the explanatory comments in the simulator-specific subdirectories under /home/u59671/project/ECE554-RayTracing-TeamKEVIN/Hardware/Natives/Native_Fixed_Add/sim/.
Info: Regenerate these scripts whenever you make any change to any Quartus-generated IP in your project.
Info: qsys-generate succeeded.
Info: Finished: Create simulation model
Info: Starting: Create Modelsim Project.
Info: sim-script-gen --system-file=/home/u59671/project/ECE554-RayTracing-TeamKEVIN/Hardware/Natives/Native_Fixed_Add.ip --output-directory=/home/u59671/project/ECE554-RayTracing-TeamKEVIN/Hardware/Natives/Native_Fixed_Add/sim/ --use-relative-paths=true
Info: Generating the following file(s) for MODELSIM simulator in /home/u59671/project/ECE554-RayTracing-TeamKEVIN/Hardware/Natives/Native_Fixed_Add/sim/ directory:
Info: 	mentor/msim_setup.tcl
Info: Generating the following file(s) for VCSMX simulator in /home/u59671/project/ECE554-RayTracing-TeamKEVIN/Hardware/Natives/Native_Fixed_Add/sim/ directory:
Info: 	synopsys/vcsmx/synopsys_sim.setup
Info: 	synopsys/vcsmx/vcsmx_setup.sh
Info: Generating the following file(s) for VCS simulator in /home/u59671/project/ECE554-RayTracing-TeamKEVIN/Hardware/Natives/Native_Fixed_Add/sim/ directory:
Info: 	synopsys/vcs/vcs_setup.sh
Info: Generating the following file(s) for RIVIERA simulator in /home/u59671/project/ECE554-RayTracing-TeamKEVIN/Hardware/Natives/Native_Fixed_Add/sim/ directory:
Info: 	aldec/rivierapro_setup.tcl
Info: Generating the following file(s) for NCSIM simulator in /home/u59671/project/ECE554-RayTracing-TeamKEVIN/Hardware/Natives/Native_Fixed_Add/sim/ directory:
Info: 	cadence/cds.lib
Info: 	cadence/hdl.var
Info: 	cadence/ncsim_setup.sh
Info: 	2 .cds.lib files in cadence/cds_libs/ directory
Info: Generating the following file(s) for XCELIUM simulator in /home/u59671/project/ECE554-RayTracing-TeamKEVIN/Hardware/Natives/Native_Fixed_Add/sim/ directory:
Info: 	xcelium/cds.lib
Info: 	xcelium/hdl.var
Info: 	xcelium/xcelium_setup.sh
Info: 	2 .cds.lib files in xcelium/cds_libs/ directory
Info: For information on how to simulate your IP, see the explanatory comments in the simulator-specific subdirectories under /home/u59671/project/ECE554-RayTracing-TeamKEVIN/Hardware/Natives/Native_Fixed_Add/sim/.
Info: Regenerate these scripts whenever you make any change to any Quartus-generated IP in your project.
Info: Finished: Create Modelsim Project.
Info: Starting: Create block symbol file (.bsf)
Info: qsys-generate /home/u59671/project/ECE554-RayTracing-TeamKEVIN/Hardware/Natives/Native_Fixed_Add.ip --block-symbol-file --output-directory=/home/u59671/project/ECE554-RayTracing-TeamKEVIN/Hardware/Natives/Native_Fixed_Add --family="Stratix 10" --part=1SX280HN2F43E2VG
Info: Native_Fixed_Add.s10_native_fixed_point_dsp_0: If the control signal (sub,negate,accumulate, loadconst) is tied to a constant value, the corresponding control signal input register must not be used.
Info: Native_Fixed_Add.s10_native_fixed_point_dsp_0: Info: If the control signal (sub,negate,accumulate,loadconst) is tied to constant value, the corresponding control signal pipeline register must not be used 
Info: qsys-generate succeeded.
Info: Finished: Create block symbol file (.bsf)
Info: 
Info: Starting: Create HDL design files for synthesis
Info: qsys-generate /home/u59671/project/ECE554-RayTracing-TeamKEVIN/Hardware/Natives/Native_Fixed_Add.ip --synthesis=VERILOG --output-directory=/home/u59671/project/ECE554-RayTracing-TeamKEVIN/Hardware/Natives/Native_Fixed_Add --family="Stratix 10" --part=1SX280HN2F43E2VG
Info: Native_Fixed_Add.s10_native_fixed_point_dsp_0: If the control signal (sub,negate,accumulate, loadconst) is tied to a constant value, the corresponding control signal input register must not be used.
Info: Native_Fixed_Add.s10_native_fixed_point_dsp_0: Info: If the control signal (sub,negate,accumulate,loadconst) is tied to constant value, the corresponding control signal pipeline register must not be used 
Info: Native_Fixed_Add: "Transforming system: Native_Fixed_Add"
Info: Native_Fixed_Add: "Naming system components in system: Native_Fixed_Add"
Info: Native_Fixed_Add: "Processing generation queue"
Info: Native_Fixed_Add: "Generating: Native_Fixed_Add"
Info: Native_Fixed_Add: "Generating: Native_Fixed_Add_altera_s10_native_fixed_point_dsp_191_cvqmw6i"
Info: Native_Fixed_Add: Done "Native_Fixed_Add" with 2 modules, 2 files
Info: qsys-generate succeeded.
Info: Finished: Create HDL design files for synthesis
Info: Starting: IP-XACT
Info: qsys-generate /home/u59671/project/ECE554-RayTracing-TeamKEVIN/Hardware/Natives/Native_Fixed_Add.ip --synthesis=VERILOG --ipxact --output-directory=/home/u59671/project/ECE554-RayTracing-TeamKEVIN/Hardware/Natives/Native_Fixed_Add --family="Stratix 10" --part=1SX280HN2F43E2VG
Info: Finished: IP-XACT
Info: Starting: Generate IP Core Documentation
Info: No documentation filesets were found for components in Native_Fixed_Add. No files generated.
Info: Finished: Generate IP Core Documentation
